=== Training config ===
  algo=random  init=stand  gens=1000  popsize=48
  cpus=16  node=d1cmp032.pax.tufts.edu
  outdir=/cluster/home/dparri03/robotics/LBS-1a/sim/results/20260422_005700/random_stand_1000
  workdir=/tmp/tmp.D7STeS2p0b
  started=Wed Apr 22 05:46:11 EDT 2026

Random search (105 params, popsize=48, gens=1000, 5 cycles/eval)
  workers: 15
gen   1  best=+25.7346  mean=-30.8018  pop_best=+25.7346  dist=+0.0007m phases=60/60 z=0.174
gen   2  best=+25.7346  mean=-54.5838  pop_best=+25.7346
gen   3  best=+25.7346  mean=-47.6556  pop_best=+25.7346
gen   4  best=+25.7346  mean=-46.3919  pop_best=+25.7346
gen   5  best=+25.7346  mean=-39.5618  pop_best=+25.7346
gen   6  best=+25.7346  mean=-46.5081  pop_best=+25.7346
gen   7  best=+25.7346  mean=-41.5823  pop_best=+25.7346
gen   8  best=+25.7346  mean=-42.9399  pop_best=+25.7346
gen   9  best=+25.7346  mean=-27.3593  pop_best=+25.7346
gen  10  best=+25.7346  mean=-50.1859  pop_best=+25.7346
gen  11  best=+25.7346  mean=-53.3255  pop_best=+25.7346
gen  12  best=+25.7346  mean=-31.0827  pop_best=+25.7346
gen  13  best=+25.7346  mean=-39.7179  pop_best=+25.7346
gen  14  best=+25.7346  mean=-44.2420  pop_best=+25.7346
gen  15  best=+25.7346  mean=-25.1317  pop_best=+25.7346
gen  16  best=+25.7346  mean=-23.8871  pop_best=+25.7346
gen  17  best=+25.7346  mean=-21.3753  pop_best=+25.7346
gen  18  best=+25.7346  mean=-40.4182  pop_best=+25.7346
gen  19  best=+25.7346  mean=-41.1238  pop_best=+25.7346
gen  20  best=+25.7346  mean=-24.5764  pop_best=+25.7346
gen  21  best=+25.7346  mean=-42.0222  pop_best=+25.7346
gen  22  best=+25.7346  mean=-35.6515  pop_best=+25.7346
gen  23  best=+25.7346  mean=-36.3783  pop_best=+25.7346
gen  24  best=+25.7346  mean=-35.2251  pop_best=+25.7346
gen  25  best=+25.7346  mean=-36.6808  pop_best=+25.7346
gen  26  best=+25.7346  mean=-28.8672  pop_best=+25.7346
gen  27  best=+25.7346  mean=-68.2985  pop_best=+25.7346
gen  28  best=+25.7346  mean=-37.2939  pop_best=+25.7346
gen  29  best=+25.7346  mean=-58.3174  pop_best=+25.7346
gen  30  best=+25.7346  mean=-28.4121  pop_best=+25.7346
gen  31  best=+25.7346  mean=-25.5249  pop_best=+25.7346
gen  32  best=+25.7346  mean=-26.3946  pop_best=+25.7346
gen  33  best=+25.7346  mean=-69.2177  pop_best=+25.7346
gen  34  best=+25.7346  mean=-56.2449  pop_best=+25.7346
gen  35  best=+25.7346  mean=-51.2247  pop_best=+25.7346
gen  36  best=+25.7346  mean=-66.7781  pop_best=+25.7346
gen  37  best=+25.7346  mean=-41.1069  pop_best=+25.7346
gen  38  best=+25.7346  mean=-61.1046  pop_best=+25.7346
gen  39  best=+25.7346  mean=-45.4194  pop_best=+25.7346
gen  40  best=+25.7346  mean=-46.3316  pop_best=+25.7346
gen  41  best=+25.7346  mean=-35.5333  pop_best=+25.7346
gen  42  best=+25.7346  mean=-36.9033  pop_best=+25.7346
gen  43  best=+25.7346  mean=-51.1425  pop_best=+25.7346
gen  44  best=+25.7346  mean=-46.0618  pop_best=+25.7346
gen  45  best=+25.7346  mean=-40.1733  pop_best=+25.7346
gen  46  best=+25.7346  mean=-36.1864  pop_best=+25.7346
gen  47  best=+25.7346  mean=-26.7809  pop_best=+25.7346
gen  48  best=+25.7346  mean=-19.7451  pop_best=+25.7346
gen  49  best=+25.7346  mean=-41.9366  pop_best=+25.7346
gen  50  best=+25.7346  mean=-27.5329  pop_best=+25.7346
gen  51  best=+25.7346  mean=-21.9344  pop_best=+25.7346
gen  52  best=+25.7346  mean=-49.5053  pop_best=+25.7346
gen  53  best=+25.7346  mean=-24.9248  pop_best=+25.7346
gen  54  best=+25.7346  mean=-26.4527  pop_best=+25.7346
gen  55  best=+25.7346  mean=-75.1084  pop_best=+25.7346
gen  56  best=+25.7346  mean=-34.2833  pop_best=+25.7346
gen  57  best=+25.7346  mean=-32.3451  pop_best=+25.7346
gen  58  best=+25.7346  mean=-49.9446  pop_best=+25.7346
gen  59  best=+25.7346  mean=-27.2489  pop_best=+25.7346
gen  60  best=+25.7346  mean=-53.9824  pop_best=+25.7346
gen  61  best=+25.7346  mean=-31.0109  pop_best=+25.7346
gen  62  best=+25.7346  mean=-57.7755  pop_best=+25.7346
gen  63  best=+25.7346  mean=-72.0517  pop_best=+25.7346
gen  64  best=+25.7346  mean=-28.2153  pop_best=+25.7346
gen  65  best=+25.7346  mean=-22.5637  pop_best=+25.7346
gen  66  best=+25.7346  mean=-31.2413  pop_best=+25.7346
gen  67  best=+25.7346  mean=-57.3619  pop_best=+25.7346
gen  68  best=+25.7346  mean=-45.8987  pop_best=+25.7346
gen  69  best=+25.7346  mean=-45.9818  pop_best=+25.7346
gen  70  best=+25.7346  mean=-40.3322  pop_best=+25.7346
gen  71  best=+25.7346  mean=-27.8397  pop_best=+25.7346
gen  72  best=+25.7346  mean=-42.8218  pop_best=+25.7346
gen  73  best=+25.7346  mean=-69.6854  pop_best=+25.7346
gen  74  best=+25.7346  mean=-50.6209  pop_best=+25.7346
gen  75  best=+25.7346  mean=-69.3869  pop_best=+25.7346
gen  76  best=+25.7346  mean=-63.6625  pop_best=+25.7346
gen  77  best=+25.7346  mean=-48.8774  pop_best=+25.7346
gen  78  best=+25.7346  mean=-33.8968  pop_best=+25.7346
gen  79  best=+25.7346  mean=-39.1816  pop_best=+25.7346
gen  80  best=+25.7346  mean=-41.8286  pop_best=+25.7346
gen  81  best=+57.0462  mean=-46.3592  pop_best=+57.0462  dist=+0.3720m phases=60/60 z=0.175
gen  82  best=+57.0462  mean=-46.7413  pop_best=+57.0462
gen  83  best=+57.0462  mean=-18.7366  pop_best=+57.0462
gen  84  best=+57.0462  mean=-25.3451  pop_best=+57.0462
gen  85  best=+57.0462  mean=-46.7700  pop_best=+57.0462
gen  86  best=+57.0462  mean=-38.3675  pop_best=+57.0462
gen  87  best=+57.0462  mean=-69.9899  pop_best=+57.0462
gen  88  best=+57.0462  mean=-21.8608  pop_best=+57.0462
gen  89  best=+57.0462  mean=-28.0540  pop_best=+57.0462
gen  90  best=+57.0462  mean=-45.9935  pop_best=+57.0462
gen  91  best=+57.0462  mean=-20.7574  pop_best=+57.0462
gen  92  best=+57.0462  mean=-43.5319  pop_best=+57.0462
gen  93  best=+57.0462  mean=-29.1478  pop_best=+57.0462
gen  94  best=+57.0462  mean=-31.4308  pop_best=+57.0462
gen  95  best=+57.0462  mean=-39.7275  pop_best=+57.0462
gen  96  best=+57.0462  mean=-67.3968  pop_best=+57.0462
gen  97  best=+57.0462  mean=-43.0872  pop_best=+57.0462
gen  98  best=+57.0462  mean=-23.9531  pop_best=+57.0462
gen  99  best=+57.0462  mean=-33.7347  pop_best=+57.0462
gen 100  best=+57.0462  mean=-35.6890  pop_best=+57.0462
gen 101  best=+57.0462  mean=-33.5250  pop_best=+57.0462
gen 102  best=+57.0462  mean=-65.0655  pop_best=+57.0462
gen 103  best=+57.0462  mean=-51.5478  pop_best=+57.0462
gen 104  best=+57.0462  mean=-60.9774  pop_best=+57.0462
gen 105  best=+57.0462  mean=-52.2522  pop_best=+57.0462
gen 106  best=+57.0462  mean=-24.9952  pop_best=+57.0462
gen 107  best=+57.0462  mean=-35.9810  pop_best=+57.0462
gen 108  best=+57.0462  mean=-29.8482  pop_best=+57.0462
gen 109  best=+57.0462  mean=-45.0009  pop_best=+57.0462
gen 110  best=+57.0462  mean=-21.4051  pop_best=+57.0462
gen 111  best=+57.0462  mean=-32.2561  pop_best=+57.0462
gen 112  best=+57.0462  mean=-39.6738  pop_best=+57.0462
gen 113  best=+57.0462  mean=-42.3327  pop_best=+57.0462
gen 114  best=+57.0462  mean=-47.8813  pop_best=+57.0462
gen 115  best=+57.0462  mean=-44.2346  pop_best=+57.0462
gen 116  best=+57.0462  mean=-36.9521  pop_best=+57.0462
gen 117  best=+57.0462  mean=-50.3975  pop_best=+57.0462
gen 118  best=+57.0462  mean=-29.2960  pop_best=+57.0462
gen 119  best=+57.0462  mean=-42.8180  pop_best=+57.0462
gen 120  best=+57.0462  mean=-42.0510  pop_best=+57.0462
gen 121  best=+57.0462  mean=-44.0469  pop_best=+57.0462
gen 122  best=+57.0462  mean=-31.2185  pop_best=+57.0462
gen 123  best=+57.0462  mean=-48.0565  pop_best=+57.0462
gen 124  best=+57.0462  mean=-60.3267  pop_best=+57.0462
gen 125  best=+57.0462  mean=-24.9642  pop_best=+57.0462
gen 126  best=+57.0462  mean=-20.7069  pop_best=+57.0462
gen 127  best=+57.0462  mean=-51.7586  pop_best=+57.0462
gen 128  best=+57.0462  mean=-31.1112  pop_best=+57.0462
gen 129  best=+57.0462  mean=-18.8053  pop_best=+57.0462
gen 130  best=+57.0462  mean=-39.0744  pop_best=+57.0462
gen 131  best=+57.0462  mean=-46.7746  pop_best=+57.0462
gen 132  best=+57.0462  mean=-67.2449  pop_best=+57.0462
gen 133  best=+57.0462  mean=-28.6075  pop_best=+57.0462
gen 134  best=+57.0462  mean=-38.4182  pop_best=+57.0462
gen 135  best=+57.0462  mean=-45.7990  pop_best=+57.0462
gen 136  best=+57.0462  mean=-48.0731  pop_best=+57.0462
gen 137  best=+57.0462  mean=-68.9073  pop_best=+57.0462
gen 138  best=+57.0462  mean=-35.5700  pop_best=+57.0462
gen 139  best=+57.0462  mean=-32.6078  pop_best=+57.0462
gen 140  best=+57.0462  mean=-31.0269  pop_best=+57.0462
gen 141  best=+57.0462  mean=-38.0810  pop_best=+57.0462
gen 142  best=+57.0462  mean=-42.1957  pop_best=+57.0462
gen 143  best=+57.0462  mean=-47.3160  pop_best=+57.0462
gen 144  best=+57.0462  mean=-34.2513  pop_best=+57.0462
gen 145  best=+57.0462  mean=-24.2665  pop_best=+57.0462
gen 146  best=+57.0462  mean=-37.4799  pop_best=+57.0462
gen 147  best=+57.0462  mean=-23.1020  pop_best=+57.0462
gen 148  best=+57.0462  mean=-43.2543  pop_best=+57.0462
gen 149  best=+57.0462  mean=-34.8832  pop_best=+57.0462
gen 150  best=+57.0462  mean=-65.8498  pop_best=+57.0462
gen 151  best=+57.0462  mean=-37.6299  pop_best=+57.0462
gen 152  best=+57.0462  mean=-50.9973  pop_best=+57.0462
gen 153  best=+57.0462  mean=-62.0030  pop_best=+57.0462
gen 154  best=+57.0462  mean=-50.4140  pop_best=+57.0462
gen 155  best=+57.0462  mean=-33.2772  pop_best=+57.0462
gen 156  best=+57.0462  mean=-29.0767  pop_best=+57.0462
gen 157  best=+57.0462  mean=-67.3625  pop_best=+57.0462
gen 158  best=+57.0462  mean=-30.4658  pop_best=+57.0462
gen 159  best=+57.0462  mean=-60.7167  pop_best=+57.0462
gen 160  best=+57.0462  mean=-59.7952  pop_best=+57.0462
gen 161  best=+57.0462  mean=-37.5232  pop_best=+57.0462
gen 162  best=+57.0462  mean=-63.1968  pop_best=+57.0462
gen 163  best=+57.0462  mean=-41.9279  pop_best=+57.0462
gen 164  best=+57.0462  mean=-39.3675  pop_best=+57.0462
gen 165  best=+57.0462  mean=-32.9432  pop_best=+57.0462
gen 166  best=+57.0462  mean=-43.1639  pop_best=+57.0462
gen 167  best=+57.0462  mean=-43.8876  pop_best=+57.0462
gen 168  best=+57.0462  mean=-28.6472  pop_best=+57.0462
gen 169  best=+57.0462  mean=-34.2597  pop_best=+57.0462
gen 170  best=+57.0462  mean=-27.8837  pop_best=+57.0462
gen 171  best=+57.0462  mean=-44.2737  pop_best=+57.0462
gen 172  best=+57.0462  mean=-56.3394  pop_best=+57.0462
gen 173  best=+57.0462  mean=-59.5759  pop_best=+57.0462
gen 174  best=+57.0462  mean=-31.5605  pop_best=+57.0462
gen 175  best=+57.0462  mean=-47.5846  pop_best=+57.0462
gen 176  best=+57.0462  mean=-24.8701  pop_best=+57.0462
gen 177  best=+57.0462  mean=-21.7621  pop_best=+57.0462
gen 178  best=+57.0462  mean=-39.6174  pop_best=+57.0462
gen 179  best=+57.0462  mean=-27.4269  pop_best=+57.0462
gen 180  best=+57.0462  mean=-34.7063  pop_best=+57.0462
gen 181  best=+57.0462  mean=-35.8350  pop_best=+57.0462
gen 182  best=+57.0462  mean=-43.1142  pop_best=+57.0462
gen 183  best=+57.0462  mean=-31.8974  pop_best=+57.0462
gen 184  best=+57.0462  mean=-44.2389  pop_best=+57.0462
gen 185  best=+57.0462  mean=-33.8721  pop_best=+57.0462
gen 186  best=+57.0462  mean=-46.4941  pop_best=+57.0462
gen 187  best=+57.0462  mean=-40.3820  pop_best=+57.0462
gen 188  best=+57.0462  mean=-23.0876  pop_best=+57.0462
gen 189  best=+57.0462  mean=-42.1236  pop_best=+57.0462
gen 190  best=+57.0462  mean=-53.5885  pop_best=+57.0462
gen 191  best=+57.0462  mean=-35.6126  pop_best=+57.0462
gen 192  best=+57.0462  mean=-36.9593  pop_best=+57.0462
gen 193  best=+57.0462  mean=-37.2870  pop_best=+57.0462
gen 194  best=+57.0462  mean=-26.1786  pop_best=+57.0462
gen 195  best=+57.0462  mean=-31.6845  pop_best=+57.0462
gen 196  best=+57.0462  mean=-33.8065  pop_best=+57.0462
gen 197  best=+57.0462  mean=-65.2552  pop_best=+57.0462
gen 198  best=+57.0462  mean=-39.2238  pop_best=+57.0462
gen 199  best=+57.0462  mean=-28.9596  pop_best=+57.0462
gen 200  best=+57.0462  mean=-21.2711  pop_best=+57.0462
gen 201  best=+57.0462  mean=-24.7908  pop_best=+57.0462
gen 202  best=+57.0462  mean=-61.4055  pop_best=+57.0462
gen 203  best=+57.0462  mean=-30.2017  pop_best=+57.0462
gen 204  best=+57.0462  mean=-35.5200  pop_best=+57.0462
gen 205  best=+57.0462  mean=-65.9070  pop_best=+57.0462
gen 206  best=+57.0462  mean=-28.0151  pop_best=+57.0462
gen 207  best=+57.0462  mean=-32.3190  pop_best=+57.0462
gen 208  best=+57.0462  mean=-35.2216  pop_best=+57.0462
gen 209  best=+57.0462  mean=-49.0353  pop_best=+57.0462
gen 210  best=+57.0462  mean=-33.0561  pop_best=+57.0462
gen 211  best=+57.0462  mean=-40.7004  pop_best=+57.0462
gen 212  best=+57.0462  mean=-35.9338  pop_best=+57.0462
gen 213  best=+57.0462  mean=-38.4557  pop_best=+57.0462
gen 214  best=+57.0462  mean=-65.6796  pop_best=+57.0462
gen 215  best=+57.0462  mean=-38.5320  pop_best=+57.0462
gen 216  best=+57.0462  mean=-36.0813  pop_best=+57.0462
gen 217  best=+57.0462  mean=-24.1288  pop_best=+57.0462
gen 218  best=+57.0462  mean=-21.5447  pop_best=+57.0462
gen 219  best=+57.0462  mean=-38.0566  pop_best=+57.0462
gen 220  best=+57.0462  mean=-23.9790  pop_best=+57.0462
gen 221  best=+57.0462  mean=-26.4979  pop_best=+57.0462
gen 222  best=+57.0462  mean=-24.1340  pop_best=+57.0462
gen 223  best=+57.0462  mean=-58.0849  pop_best=+57.0462
gen 224  best=+57.0462  mean=-56.6429  pop_best=+57.0462
gen 225  best=+57.0462  mean=-44.1719  pop_best=+57.0462
gen 226  best=+57.0462  mean=-25.3505  pop_best=+57.0462
gen 227  best=+57.0462  mean=-75.5795  pop_best=+57.0462
gen 228  best=+57.0462  mean=-50.5423  pop_best=+57.0462
gen 229  best=+57.0462  mean=-34.1846  pop_best=+57.0462
gen 230  best=+57.0462  mean=-33.7037  pop_best=+57.0462
gen 231  best=+57.0462  mean=-27.3098  pop_best=+57.0462
gen 232  best=+57.0462  mean=-33.7216  pop_best=+57.0462
gen 233  best=+57.0462  mean=-35.6664  pop_best=+57.0462
gen 234  best=+57.0462  mean=-44.8723  pop_best=+57.0462
gen 235  best=+57.0462  mean=-38.2091  pop_best=+57.0462
gen 236  best=+57.0462  mean=-26.9734  pop_best=+57.0462
gen 237  best=+57.0462  mean=-31.3944  pop_best=+57.0462
gen 238  best=+57.0462  mean=-66.8575  pop_best=+57.0462
gen 239  best=+57.0462  mean=-46.9031  pop_best=+57.0462
gen 240  best=+57.0462  mean=-54.7889  pop_best=+57.0462
gen 241  best=+57.0462  mean=-44.7390  pop_best=+57.0462
gen 242  best=+57.0462  mean=-62.6267  pop_best=+57.0462
gen 243  best=+57.0462  mean=-37.2693  pop_best=+57.0462
gen 244  best=+57.0462  mean=-20.7363  pop_best=+57.0462
gen 245  best=+57.0462  mean=-38.1512  pop_best=+57.0462
gen 246  best=+57.0462  mean=-18.9380  pop_best=+57.0462
gen 247  best=+57.0462  mean=-67.6374  pop_best=+57.0462
gen 248  best=+57.0462  mean=-55.5536  pop_best=+57.0462
gen 249  best=+57.0462  mean=-46.6213  pop_best=+57.0462
gen 250  best=+57.0462  mean=-54.0618  pop_best=+57.0462
gen 251  best=+57.0462  mean=-65.2977  pop_best=+57.0462
gen 252  best=+57.0462  mean=-42.3042  pop_best=+57.0462
gen 253  best=+57.0462  mean=-52.9686  pop_best=+57.0462
gen 254  best=+57.0462  mean=-41.5601  pop_best=+57.0462
gen 255  best=+57.0462  mean=-34.8166  pop_best=+57.0462
gen 256  best=+57.0462  mean=-28.2536  pop_best=+57.0462
gen 257  best=+57.0462  mean=-80.0806  pop_best=+57.0462
gen 258  best=+57.0462  mean=-32.0477  pop_best=+57.0462
gen 259  best=+57.0462  mean=-57.5260  pop_best=+57.0462
gen 260  best=+57.0462  mean=-41.3974  pop_best=+57.0462
gen 261  best=+57.0462  mean=-43.1243  pop_best=+57.0462
gen 262  best=+57.0462  mean=-31.8274  pop_best=+57.0462
gen 263  best=+57.0462  mean=-33.4597  pop_best=+57.0462
gen 264  best=+57.0462  mean=-50.8520  pop_best=+57.0462
gen 265  best=+57.0462  mean=-70.3329  pop_best=+57.0462
gen 266  best=+57.0462  mean=-46.0185  pop_best=+57.0462
gen 267  best=+57.0462  mean=-44.1969  pop_best=+57.0462
gen 268  best=+57.0462  mean=-64.1256  pop_best=+57.0462
gen 269  best=+57.0462  mean=-28.9372  pop_best=+57.0462
gen 270  best=+57.0462  mean=-21.1564  pop_best=+57.0462
gen 271  best=+57.0462  mean=-63.0344  pop_best=+57.0462
gen 272  best=+57.0462  mean=-42.9315  pop_best=+57.0462
gen 273  best=+57.0462  mean=-55.6084  pop_best=+57.0462
gen 274  best=+57.0462  mean=-46.7546  pop_best=+57.0462
gen 275  best=+57.0462  mean=-26.3382  pop_best=+57.0462
gen 276  best=+57.0462  mean=-24.5909  pop_best=+57.0462
gen 277  best=+57.0462  mean=-42.0212  pop_best=+57.0462
gen 278  best=+57.0462  mean=-34.2240  pop_best=+57.0462
gen 279  best=+57.0462  mean=-24.6643  pop_best=+57.0462
gen 280  best=+57.0462  mean=-45.7257  pop_best=+57.0462
gen 281  best=+57.0462  mean=-26.4436  pop_best=+57.0462
gen 282  best=+57.0462  mean=-21.0519  pop_best=+57.0462
gen 283  best=+57.0462  mean=-38.9636  pop_best=+57.0462
gen 284  best=+57.0462  mean=-24.6921  pop_best=+57.0462
gen 285  best=+57.0462  mean=-44.5195  pop_best=+57.0462
gen 286  best=+57.0462  mean=-25.6884  pop_best=+57.0462
gen 287  best=+57.0462  mean=-48.6270  pop_best=+57.0462
gen 288  best=+57.0462  mean=-18.0935  pop_best=+57.0462
gen 289  best=+57.0462  mean=-44.8174  pop_best=+57.0462
gen 290  best=+57.0462  mean=-20.6106  pop_best=+57.0462
gen 291  best=+57.0462  mean=-38.2586  pop_best=+57.0462
gen 292  best=+57.0462  mean=-64.8752  pop_best=+57.0462
gen 293  best=+57.0462  mean=-49.4058  pop_best=+57.0462
gen 294  best=+57.0462  mean=-24.2137  pop_best=+57.0462
gen 295  best=+57.0462  mean=-15.1618  pop_best=+57.0462
gen 296  best=+57.0462  mean=-65.5746  pop_best=+57.0462
gen 297  best=+57.0462  mean=-45.0943  pop_best=+57.0462
gen 298  best=+57.0462  mean=-49.5484  pop_best=+57.0462
gen 299  best=+57.0462  mean=-46.8877  pop_best=+57.0462
gen 300  best=+57.0462  mean=-39.0950  pop_best=+57.0462
gen 301  best=+57.0462  mean=-42.1861  pop_best=+57.0462
gen 302  best=+57.0462  mean=-25.8052  pop_best=+57.0462
gen 303  best=+57.0462  mean=-30.7355  pop_best=+57.0462
gen 304  best=+57.0462  mean=-38.7150  pop_best=+57.0462
gen 305  best=+57.0462  mean=-75.6650  pop_best=+57.0462
gen 306  best=+57.0462  mean=-49.3582  pop_best=+57.0462
gen 307  best=+57.0462  mean=-28.8987  pop_best=+57.0462
gen 308  best=+57.0462  mean=-40.3488  pop_best=+57.0462
gen 309  best=+57.0462  mean=-33.5586  pop_best=+57.0462
gen 310  best=+57.0462  mean=-30.3540  pop_best=+57.0462
gen 311  best=+57.0462  mean=-42.3823  pop_best=+57.0462
gen 312  best=+57.0462  mean=-38.8916  pop_best=+57.0462
gen 313  best=+57.0462  mean=-32.7092  pop_best=+57.0462
gen 314  best=+57.0462  mean=-54.0823  pop_best=+57.0462
gen 315  best=+57.0462  mean=-42.6660  pop_best=+57.0462
gen 316  best=+57.0462  mean=-37.0628  pop_best=+57.0462
gen 317  best=+57.0462  mean=-42.4015  pop_best=+57.0462
gen 318  best=+57.0462  mean=-53.9236  pop_best=+57.0462
gen 319  best=+57.0462  mean=-42.8237  pop_best=+57.0462
gen 320  best=+57.0462  mean=-37.3083  pop_best=+57.0462
gen 321  best=+57.0462  mean=-19.7731  pop_best=+57.0462
gen 322  best=+57.0462  mean=-61.8463  pop_best=+57.0462
gen 323  best=+57.0462  mean=-52.7268  pop_best=+57.0462
gen 324  best=+57.0462  mean=-19.7900  pop_best=+57.0462
gen 325  best=+57.0462  mean=-17.4399  pop_best=+57.0462
gen 326  best=+57.0462  mean=-26.5874  pop_best=+57.0462
gen 327  best=+57.0462  mean=-39.8938  pop_best=+57.0462
gen 328  best=+57.0462  mean=-33.6563  pop_best=+57.0462
gen 329  best=+57.0462  mean=-39.6063  pop_best=+57.0462
gen 330  best=+57.0462  mean=-35.4432  pop_best=+57.0462
gen 331  best=+57.0462  mean=-29.1436  pop_best=+57.0462
gen 332  best=+57.0462  mean=-30.9303  pop_best=+57.0462
gen 333  best=+57.0462  mean=-38.8062  pop_best=+57.0462
gen 334  best=+57.0462  mean=-26.5959  pop_best=+57.0462
gen 335  best=+57.0462  mean=-28.7531  pop_best=+57.0462
gen 336  best=+57.0462  mean=-27.0902  pop_best=+57.0462
gen 337  best=+57.0462  mean=-35.6269  pop_best=+57.0462
gen 338  best=+57.0462  mean=-51.1567  pop_best=+57.0462
gen 339  best=+57.0462  mean=-34.3437  pop_best=+57.0462
gen 340  best=+57.0462  mean=-24.6164  pop_best=+57.0462
gen 341  best=+57.0462  mean=-43.4969  pop_best=+57.0462
gen 342  best=+57.0462  mean=-32.8036  pop_best=+57.0462
gen 343  best=+57.0462  mean=-43.6214  pop_best=+57.0462
gen 344  best=+57.0462  mean=-25.4296  pop_best=+57.0462
gen 345  best=+57.0462  mean=-39.3261  pop_best=+57.0462
gen 346  best=+57.0462  mean=-46.9604  pop_best=+57.0462
gen 347  best=+57.0462  mean=-43.4414  pop_best=+57.0462
gen 348  best=+57.0462  mean=-48.3431  pop_best=+57.0462
gen 349  best=+57.0462  mean=-40.3518  pop_best=+57.0462
gen 350  best=+57.0462  mean=-25.3999  pop_best=+57.0462
gen 351  best=+57.0462  mean=-41.9375  pop_best=+57.0462
gen 352  best=+57.0462  mean=-43.9361  pop_best=+57.0462
gen 353  best=+57.0462  mean=-50.7116  pop_best=+57.0462
gen 354  best=+57.0462  mean=-36.4078  pop_best=+57.0462
gen 355  best=+57.0462  mean=-46.3970  pop_best=+57.0462
gen 356  best=+57.0462  mean=-43.6382  pop_best=+57.0462
gen 357  best=+57.0462  mean=-55.0274  pop_best=+57.0462
gen 358  best=+57.0462  mean=-49.6602  pop_best=+57.0462
gen 359  best=+57.0462  mean=-71.9452  pop_best=+57.0462
gen 360  best=+57.0462  mean=-41.5658  pop_best=+57.0462
gen 361  best=+57.0462  mean=-27.9677  pop_best=+57.0462
gen 362  best=+57.0462  mean=-37.9364  pop_best=+57.0462
gen 363  best=+57.0462  mean=-29.5331  pop_best=+57.0462
gen 364  best=+57.0462  mean=-30.0120  pop_best=+57.0462
gen 365  best=+57.0462  mean=-25.9060  pop_best=+57.0462
gen 366  best=+57.0462  mean=-36.8227  pop_best=+57.0462
gen 367  best=+57.0462  mean=-72.5901  pop_best=+57.0462
gen 368  best=+57.0462  mean=-53.6790  pop_best=+57.0462
gen 369  best=+57.0462  mean=-48.4170  pop_best=+57.0462
gen 370  best=+57.0462  mean=-22.6448  pop_best=+57.0462
gen 371  best=+57.0462  mean=-45.6578  pop_best=+57.0462
gen 372  best=+57.0462  mean=-27.4013  pop_best=+57.0462
gen 373  best=+57.0462  mean=-32.4867  pop_best=+57.0462
gen 374  best=+57.0462  mean=-44.3590  pop_best=+57.0462
gen 375  best=+57.0462  mean=-36.6568  pop_best=+57.0462
gen 376  best=+57.0462  mean=-17.6421  pop_best=+57.0462
gen 377  best=+57.0462  mean=-57.1599  pop_best=+57.0462
gen 378  best=+57.0462  mean=-53.0205  pop_best=+57.0462
gen 379  best=+57.0462  mean=-31.1636  pop_best=+57.0462
gen 380  best=+57.0462  mean=-51.3167  pop_best=+57.0462
gen 381  best=+57.0462  mean=-39.6003  pop_best=+57.0462
gen 382  best=+57.0462  mean=-38.6802  pop_best=+57.0462
gen 383  best=+57.0462  mean=-32.5946  pop_best=+57.0462
gen 384  best=+57.0462  mean=-38.4967  pop_best=+57.0462
gen 385  best=+57.0462  mean=-62.9109  pop_best=+57.0462
gen 386  best=+57.0462  mean=-44.3414  pop_best=+57.0462
gen 387  best=+57.0462  mean=-33.4891  pop_best=+57.0462
gen 388  best=+57.0462  mean=-61.5787  pop_best=+57.0462
gen 389  best=+57.0462  mean=-45.1560  pop_best=+57.0462
gen 390  best=+57.0462  mean=-20.0665  pop_best=+57.0462
gen 391  best=+57.0462  mean=-57.4699  pop_best=+57.0462
gen 392  best=+57.0462  mean=-55.3012  pop_best=+57.0462
gen 393  best=+57.0462  mean=-33.9915  pop_best=+57.0462
gen 394  best=+57.0462  mean=-33.3846  pop_best=+57.0462
gen 395  best=+57.0462  mean=-29.9375  pop_best=+57.0462
gen 396  best=+57.0462  mean=-52.2959  pop_best=+57.0462
gen 397  best=+57.0462  mean=-40.7005  pop_best=+57.0462
gen 398  best=+57.0462  mean=-30.6138  pop_best=+57.0462
gen 399  best=+57.0462  mean=-33.9543  pop_best=+57.0462
gen 400  best=+57.0462  mean=-28.1212  pop_best=+57.0462
gen 401  best=+57.0462  mean=-46.2473  pop_best=+57.0462
gen 402  best=+57.0462  mean=-56.1210  pop_best=+57.0462
gen 403  best=+57.0462  mean=-68.0901  pop_best=+57.0462
gen 404  best=+57.0462  mean=-51.2847  pop_best=+57.0462
gen 405  best=+57.0462  mean=-30.6266  pop_best=+57.0462
gen 406  best=+57.0462  mean=-59.0720  pop_best=+57.0462
gen 407  best=+57.0462  mean=-40.5011  pop_best=+57.0462
gen 408  best=+57.0462  mean=-39.0532  pop_best=+57.0462
gen 409  best=+57.0462  mean=-28.7284  pop_best=+57.0462
gen 410  best=+57.0462  mean=-33.9701  pop_best=+57.0462
gen 411  best=+57.0462  mean=-40.9728  pop_best=+57.0462
gen 412  best=+57.0462  mean=-58.0632  pop_best=+57.0462
gen 413  best=+57.0462  mean=-41.0581  pop_best=+57.0462
gen 414  best=+57.0462  mean=-58.1164  pop_best=+57.0462
gen 415  best=+57.0462  mean=-49.6340  pop_best=+57.0462
gen 416  best=+57.0462  mean=-24.7176  pop_best=+57.0462
gen 417  best=+57.0462  mean=-30.7714  pop_best=+57.0462
gen 418  best=+57.0462  mean=-41.0968  pop_best=+57.0462
gen 419  best=+57.0462  mean=-41.5858  pop_best=+57.0462
gen 420  best=+57.0462  mean=-29.8120  pop_best=+57.0462
gen 421  best=+57.0462  mean=-39.0808  pop_best=+57.0462
gen 422  best=+57.0462  mean=-39.0392  pop_best=+57.0462
gen 423  best=+57.0462  mean=-38.5903  pop_best=+57.0462
gen 424  best=+57.0462  mean=-53.6912  pop_best=+57.0462
gen 425  best=+57.0462  mean=-24.3865  pop_best=+57.0462
gen 426  best=+57.0462  mean=-24.3357  pop_best=+57.0462
gen 427  best=+57.0462  mean=-50.2749  pop_best=+57.0462
gen 428  best=+57.0462  mean=-52.0811  pop_best=+57.0462
gen 429  best=+57.0462  mean=-40.0063  pop_best=+57.0462
gen 430  best=+57.0462  mean=-47.7749  pop_best=+57.0462
gen 431  best=+57.0462  mean=-35.7582  pop_best=+57.0462
gen 432  best=+57.0462  mean=-32.9531  pop_best=+57.0462
gen 433  best=+57.0462  mean=-48.1391  pop_best=+57.0462
gen 434  best=+57.0462  mean=-34.6809  pop_best=+57.0462
gen 435  best=+57.0462  mean=-42.9632  pop_best=+57.0462
gen 436  best=+57.0462  mean=-49.5286  pop_best=+57.0462
gen 437  best=+57.0462  mean=-55.4372  pop_best=+57.0462
gen 438  best=+57.0462  mean=-26.9943  pop_best=+57.0462
gen 439  best=+57.0462  mean=-46.6089  pop_best=+57.0462
gen 440  best=+57.0462  mean=-32.7854  pop_best=+57.0462
gen 441  best=+57.0462  mean=-56.3531  pop_best=+57.0462
gen 442  best=+57.0462  mean=-23.2338  pop_best=+57.0462
gen 443  best=+57.0462  mean=-45.8377  pop_best=+57.0462
gen 444  best=+57.0462  mean=-59.5005  pop_best=+57.0462
gen 445  best=+57.0462  mean=-32.1223  pop_best=+57.0462
gen 446  best=+57.0462  mean=-51.8504  pop_best=+57.0462
gen 447  best=+57.0462  mean=-26.6432  pop_best=+57.0462
gen 448  best=+57.0462  mean=-38.4914  pop_best=+57.0462
gen 449  best=+57.0462  mean=-36.9605  pop_best=+57.0462
gen 450  best=+57.0462  mean=-38.5309  pop_best=+57.0462
gen 451  best=+57.0462  mean=-45.6629  pop_best=+57.0462
gen 452  best=+57.0462  mean=-34.8796  pop_best=+57.0462
gen 453  best=+57.0462  mean=-42.5395  pop_best=+57.0462
gen 454  best=+57.0462  mean=-43.6257  pop_best=+57.0462
gen 455  best=+57.0462  mean=-27.9966  pop_best=+57.0462
gen 456  best=+57.0462  mean=-49.4378  pop_best=+57.0462
gen 457  best=+57.0462  mean=-42.7275  pop_best=+57.0462
gen 458  best=+57.0462  mean=-44.1141  pop_best=+57.0462
gen 459  best=+57.0462  mean=-59.8663  pop_best=+57.0462
gen 460  best=+57.0462  mean=-29.6482  pop_best=+57.0462
gen 461  best=+57.0462  mean=-34.0893  pop_best=+57.0462
gen 462  best=+57.0462  mean=-27.5850  pop_best=+57.0462
gen 463  best=+57.0462  mean=-41.3614  pop_best=+57.0462
gen 464  best=+57.0462  mean=-35.1186  pop_best=+57.0462
gen 465  best=+57.0462  mean=-35.0773  pop_best=+57.0462
gen 466  best=+57.0462  mean=-35.3845  pop_best=+57.0462
gen 467  best=+57.0462  mean=-53.3885  pop_best=+57.0462
gen 468  best=+57.0462  mean=-38.9754  pop_best=+57.0462
gen 469  best=+57.0462  mean=-29.7392  pop_best=+57.0462
gen 470  best=+57.0462  mean=-60.5297  pop_best=+57.0462
gen 471  best=+57.0462  mean=-46.0545  pop_best=+57.0462
gen 472  best=+57.0462  mean=-29.7407  pop_best=+57.0462
gen 473  best=+57.0462  mean=-49.2775  pop_best=+57.0462
gen 474  best=+57.0462  mean=-35.3744  pop_best=+57.0462
gen 475  best=+57.0462  mean=-49.8648  pop_best=+57.0462
gen 476  best=+57.0462  mean=-30.7882  pop_best=+57.0462
gen 477  best=+57.0462  mean=-26.2128  pop_best=+57.0462
gen 478  best=+57.0462  mean=-33.4411  pop_best=+57.0462
gen 479  best=+57.0462  mean=-36.1252  pop_best=+57.0462
gen 480  best=+57.0462  mean=-56.6084  pop_best=+57.0462
gen 481  best=+57.0462  mean=-29.2523  pop_best=+57.0462
gen 482  best=+57.0462  mean=-50.8127  pop_best=+57.0462
gen 483  best=+57.0462  mean=-25.4065  pop_best=+57.0462
gen 484  best=+57.0462  mean=-36.7433  pop_best=+57.0462
gen 485  best=+57.0462  mean=-27.7988  pop_best=+57.0462
gen 486  best=+57.0462  mean=-56.6240  pop_best=+57.0462
gen 487  best=+57.0462  mean=-77.5984  pop_best=+57.0462
gen 488  best=+57.0462  mean=-21.9418  pop_best=+57.0462
gen 489  best=+57.0462  mean=-31.1431  pop_best=+57.0462
gen 490  best=+57.0462  mean=-42.9621  pop_best=+57.0462
gen 491  best=+57.0462  mean=-32.7487  pop_best=+57.0462
gen 492  best=+57.0462  mean=-39.3113  pop_best=+57.0462
gen 493  best=+57.0462  mean=-40.5073  pop_best=+57.0462
gen 494  best=+57.0462  mean=-35.2700  pop_best=+57.0462
gen 495  best=+57.0462  mean=-26.5766  pop_best=+57.0462
gen 496  best=+57.0462  mean=-36.3763  pop_best=+57.0462
gen 497  best=+57.0462  mean=-37.0549  pop_best=+57.0462
gen 498  best=+57.0462  mean=-61.8755  pop_best=+57.0462
gen 499  best=+57.0462  mean=-20.7834  pop_best=+57.0462
gen 500  best=+57.0462  mean=-46.3215  pop_best=+57.0462
gen 501  best=+57.0462  mean=-49.2336  pop_best=+57.0462
gen 502  best=+57.0462  mean=-63.2739  pop_best=+57.0462
gen 503  best=+57.0462  mean=-52.3466  pop_best=+57.0462
gen 504  best=+57.0462  mean=-51.4296  pop_best=+57.0462
gen 505  best=+57.0462  mean=-32.1541  pop_best=+57.0462
gen 506  best=+57.0462  mean=-53.5934  pop_best=+57.0462
gen 507  best=+57.0462  mean=-40.5268  pop_best=+57.0462
gen 508  best=+57.0462  mean=-33.0406  pop_best=+57.0462
gen 509  best=+57.0462  mean=-46.9892  pop_best=+57.0462
gen 510  best=+57.0462  mean=-52.8953  pop_best=+57.0462
gen 511  best=+57.0462  mean=-51.6906  pop_best=+57.0462
gen 512  best=+57.0462  mean=-43.4958  pop_best=+57.0462
gen 513  best=+57.0462  mean=-48.0638  pop_best=+57.0462
gen 514  best=+57.0462  mean=-67.3719  pop_best=+57.0462
gen 515  best=+57.0462  mean=-38.1978  pop_best=+57.0462
gen 516  best=+57.0462  mean=-36.0851  pop_best=+57.0462
gen 517  best=+57.0462  mean=-40.6831  pop_best=+57.0462
gen 518  best=+57.0462  mean=-42.7337  pop_best=+57.0462
gen 519  best=+57.0462  mean=-37.2614  pop_best=+57.0462
gen 520  best=+57.0462  mean=-30.9241  pop_best=+57.0462
gen 521  best=+57.0462  mean=-23.1450  pop_best=+57.0462
gen 522  best=+57.0462  mean=-50.1032  pop_best=+57.0462
gen 523  best=+57.0462  mean=-31.4302  pop_best=+57.0462
gen 524  best=+57.0462  mean=-56.6225  pop_best=+57.0462
gen 525  best=+57.0462  mean=-37.1065  pop_best=+57.0462
gen 526  best=+57.0462  mean=-66.7138  pop_best=+57.0462
gen 527  best=+57.0462  mean=-56.2229  pop_best=+57.0462
gen 528  best=+57.0462  mean=-36.6513  pop_best=+57.0462
gen 529  best=+57.0462  mean=-25.8785  pop_best=+57.0462
gen 530  best=+57.0462  mean=-42.2828  pop_best=+57.0462
gen 531  best=+57.0462  mean=-29.4848  pop_best=+57.0462
gen 532  best=+57.0462  mean=-34.1151  pop_best=+57.0462
gen 533  best=+57.0462  mean=-49.5365  pop_best=+57.0462
gen 534  best=+57.0462  mean=-40.7251  pop_best=+57.0462
gen 535  best=+57.0462  mean=-35.9676  pop_best=+57.0462
gen 536  best=+57.0462  mean=-63.7995  pop_best=+57.0462
gen 537  best=+57.0462  mean=-38.6002  pop_best=+57.0462
gen 538  best=+57.0462  mean=-24.2792  pop_best=+57.0462
gen 539  best=+57.0462  mean=-68.3768  pop_best=+57.0462
gen 540  best=+57.0462  mean=-40.5756  pop_best=+57.0462
gen 541  best=+57.0462  mean=-60.1708  pop_best=+57.0462
gen 542  best=+57.0462  mean=-47.6632  pop_best=+57.0462
gen 543  best=+57.0462  mean=-56.5427  pop_best=+57.0462
gen 544  best=+57.0462  mean=-26.3293  pop_best=+57.0462
gen 545  best=+57.0462  mean=-42.6071  pop_best=+57.0462
gen 546  best=+57.0462  mean=-34.5369  pop_best=+57.0462
gen 547  best=+57.0462  mean=-53.4248  pop_best=+57.0462
gen 548  best=+57.0462  mean=-42.7852  pop_best=+57.0462
gen 549  best=+57.0462  mean=-39.7888  pop_best=+57.0462
gen 550  best=+57.0462  mean=-43.2064  pop_best=+57.0462
gen 551  best=+57.0462  mean=-38.4058  pop_best=+57.0462
gen 552  best=+57.0462  mean=-44.3030  pop_best=+57.0462
gen 553  best=+57.0462  mean=-39.1277  pop_best=+57.0462
gen 554  best=+57.0462  mean=-32.1069  pop_best=+57.0462
gen 555  best=+57.0462  mean=-41.9189  pop_best=+57.0462
gen 556  best=+57.0462  mean=-66.4821  pop_best=+57.0462
gen 557  best=+57.0462  mean=-30.8315  pop_best=+57.0462
gen 558  best=+57.0462  mean=-44.8909  pop_best=+57.0462
gen 559  best=+57.0462  mean=-44.3968  pop_best=+57.0462
gen 560  best=+57.0462  mean=-47.6901  pop_best=+57.0462
gen 561  best=+57.0462  mean=-34.7120  pop_best=+57.0462
gen 562  best=+57.0462  mean=-29.8256  pop_best=+57.0462
gen 563  best=+57.0462  mean=-48.0518  pop_best=+57.0462
gen 564  best=+57.0462  mean=-42.8710  pop_best=+57.0462
gen 565  best=+57.0462  mean=-47.3737  pop_best=+57.0462
gen 566  best=+57.0462  mean=-53.7063  pop_best=+57.0462
gen 567  best=+57.0462  mean=-40.0562  pop_best=+57.0462
gen 568  best=+57.0462  mean=-48.7166  pop_best=+57.0462
gen 569  best=+57.0462  mean=-32.2744  pop_best=+57.0462
gen 570  best=+57.0462  mean=-39.0440  pop_best=+57.0462
gen 571  best=+57.0462  mean=-49.0151  pop_best=+57.0462
gen 572  best=+57.0462  mean=-41.5175  pop_best=+57.0462
gen 573  best=+57.0462  mean=-25.8680  pop_best=+57.0462
gen 574  best=+57.0462  mean=-37.2206  pop_best=+57.0462
gen 575  best=+57.0462  mean=-62.5412  pop_best=+57.0462
gen 576  best=+57.0462  mean=-48.5468  pop_best=+57.0462
gen 577  best=+57.0462  mean=-45.3309  pop_best=+57.0462
gen 578  best=+57.0462  mean=-43.8832  pop_best=+57.0462
gen 579  best=+57.0462  mean=-35.7220  pop_best=+57.0462
gen 580  best=+57.0462  mean=-47.3263  pop_best=+57.0462
gen 581  best=+57.0462  mean=-45.2880  pop_best=+57.0462
gen 582  best=+57.0462  mean=-41.8123  pop_best=+57.0462
gen 583  best=+57.0462  mean=-29.5243  pop_best=+57.0462
gen 584  best=+57.0462  mean=-62.0237  pop_best=+57.0462
gen 585  best=+57.0462  mean=-29.3944  pop_best=+57.0462
gen 586  best=+57.0462  mean=-43.4268  pop_best=+57.0462
gen 587  best=+57.0462  mean=-21.5885  pop_best=+57.0462
gen 588  best=+57.0462  mean=-42.1250  pop_best=+57.0462
gen 589  best=+57.0462  mean=-19.2765  pop_best=+57.0462
gen 590  best=+57.0462  mean=-57.9753  pop_best=+57.0462
gen 591  best=+57.0462  mean=-39.2249  pop_best=+57.0462
gen 592  best=+57.0462  mean=-44.7459  pop_best=+57.0462
gen 593  best=+57.0462  mean=-29.8436  pop_best=+57.0462
gen 594  best=+57.0462  mean=-19.8201  pop_best=+57.0462
gen 595  best=+57.0462  mean=-42.4855  pop_best=+57.0462
gen 596  best=+57.0462  mean=-50.8126  pop_best=+57.0462
gen 597  best=+57.0462  mean=-32.2559  pop_best=+57.0462
gen 598  best=+57.0462  mean=-30.1646  pop_best=+57.0462
gen 599  best=+57.0462  mean=-43.2722  pop_best=+57.0462
gen 600  best=+57.0462  mean=-32.1669  pop_best=+57.0462
gen 601  best=+57.0462  mean=-43.4421  pop_best=+57.0462
gen 602  best=+57.0462  mean=-54.0351  pop_best=+57.0462
gen 603  best=+57.0462  mean=-53.1730  pop_best=+57.0462
gen 604  best=+57.0462  mean=-33.4531  pop_best=+57.0462
gen 605  best=+57.0462  mean=-31.5959  pop_best=+57.0462
gen 606  best=+57.0462  mean=-61.9765  pop_best=+57.0462
gen 607  best=+57.0462  mean=-33.4456  pop_best=+57.0462
gen 608  best=+57.0462  mean=-17.7161  pop_best=+57.0462
gen 609  best=+57.0462  mean=-51.6930  pop_best=+57.0462
gen 610  best=+57.0462  mean=-56.2315  pop_best=+57.0462
gen 611  best=+57.0462  mean=-35.8229  pop_best=+57.0462
gen 612  best=+57.0462  mean=-22.2734  pop_best=+57.0462
gen 613  best=+57.0462  mean=-33.1108  pop_best=+57.0462
gen 614  best=+57.0462  mean=-44.5136  pop_best=+57.0462
gen 615  best=+57.0462  mean=-33.7257  pop_best=+57.0462
gen 616  best=+57.0462  mean=-29.3721  pop_best=+57.0462
gen 617  best=+57.0462  mean=-51.1906  pop_best=+57.0462
gen 618  best=+57.0462  mean=-25.5636  pop_best=+57.0462
gen 619  best=+57.0462  mean=-35.5107  pop_best=+57.0462
gen 620  best=+57.0462  mean=-39.1903  pop_best=+57.0462
gen 621  best=+57.0462  mean=-33.0207  pop_best=+57.0462
gen 622  best=+57.0462  mean=-52.8442  pop_best=+57.0462
gen 623  best=+57.0462  mean=-44.4955  pop_best=+57.0462
gen 624  best=+57.0462  mean=-55.0344  pop_best=+57.0462
gen 625  best=+57.0462  mean=-30.2183  pop_best=+57.0462
gen 626  best=+57.0462  mean=-40.4672  pop_best=+57.0462
gen 627  best=+57.0462  mean=-64.2979  pop_best=+57.0462
gen 628  best=+57.0462  mean=-45.4421  pop_best=+57.0462
gen 629  best=+57.0462  mean=-35.3077  pop_best=+57.0462
gen 630  best=+57.0462  mean=-30.8808  pop_best=+57.0462
gen 631  best=+57.0462  mean=-62.7055  pop_best=+57.0462
gen 632  best=+57.0462  mean=-22.0613  pop_best=+57.0462
gen 633  best=+57.0462  mean=-49.4075  pop_best=+57.0462
gen 634  best=+57.0462  mean=-40.5766  pop_best=+57.0462
gen 635  best=+57.0462  mean=-45.7328  pop_best=+57.0462
gen 636  best=+57.0462  mean=-23.5639  pop_best=+57.0462
gen 637  best=+57.0462  mean=-41.1741  pop_best=+57.0462
gen 638  best=+57.0462  mean=-84.7034  pop_best=+57.0462
gen 639  best=+57.0462  mean=-42.9491  pop_best=+57.0462
gen 640  best=+57.0462  mean=-43.0226  pop_best=+57.0462
gen 641  best=+57.0462  mean=-60.8392  pop_best=+57.0462
gen 642  best=+57.0462  mean=-72.4069  pop_best=+57.0462
gen 643  best=+57.0462  mean=-29.6782  pop_best=+57.0462
gen 644  best=+57.0462  mean=-65.2353  pop_best=+57.0462
gen 645  best=+57.0462  mean=-48.8100  pop_best=+57.0462
gen 646  best=+57.0462  mean=-49.2188  pop_best=+57.0462
gen 647  best=+57.0462  mean=-51.1919  pop_best=+57.0462
gen 648  best=+57.0462  mean=-42.7181  pop_best=+57.0462
gen 649  best=+57.0462  mean=-35.4212  pop_best=+57.0462
gen 650  best=+57.0462  mean=-57.5480  pop_best=+57.0462
gen 651  best=+57.0462  mean=-41.0354  pop_best=+57.0462
gen 652  best=+57.0462  mean=-51.3737  pop_best=+57.0462
gen 653  best=+57.0462  mean=-29.8505  pop_best=+57.0462
gen 654  best=+57.0462  mean=-62.8533  pop_best=+57.0462
gen 655  best=+57.0462  mean=-42.4733  pop_best=+57.0462
gen 656  best=+57.0462  mean=-44.0998  pop_best=+57.0462
gen 657  best=+57.0462  mean=-44.5747  pop_best=+57.0462
gen 658  best=+57.0462  mean=-22.9556  pop_best=+57.0462
gen 659  best=+57.0462  mean=-27.7708  pop_best=+57.0462
gen 660  best=+57.0462  mean=-45.8620  pop_best=+57.0462
gen 661  best=+57.0462  mean=-20.5946  pop_best=+57.0462
gen 662  best=+57.0462  mean=-27.7358  pop_best=+57.0462
gen 663  best=+57.0462  mean=-58.5382  pop_best=+57.0462
gen 664  best=+57.0462  mean=-40.5352  pop_best=+57.0462
gen 665  best=+57.0462  mean=-26.4748  pop_best=+57.0462
gen 666  best=+57.0462  mean=-24.9691  pop_best=+57.0462
gen 667  best=+57.0462  mean=-29.8050  pop_best=+57.0462
gen 668  best=+57.0462  mean=-37.2076  pop_best=+57.0462
gen 669  best=+57.0462  mean=-22.8146  pop_best=+57.0462
gen 670  best=+57.0462  mean=-68.8254  pop_best=+57.0462
gen 671  best=+57.0462  mean=-20.9708  pop_best=+57.0462
gen 672  best=+57.0462  mean=-46.1395  pop_best=+57.0462
gen 673  best=+57.0462  mean=-23.0691  pop_best=+57.0462
gen 674  best=+57.0462  mean=-39.2724  pop_best=+57.0462
gen 675  best=+57.0462  mean=-35.6619  pop_best=+57.0462
gen 676  best=+57.0462  mean=-29.4879  pop_best=+57.0462
gen 677  best=+57.0462  mean=-39.7855  pop_best=+57.0462
gen 678  best=+57.0462  mean=-37.6787  pop_best=+57.0462
gen 679  best=+57.0462  mean=-21.0797  pop_best=+57.0462
gen 680  best=+57.0462  mean=-40.6659  pop_best=+57.0462
gen 681  best=+57.0462  mean=-42.9057  pop_best=+57.0462
gen 682  best=+57.0462  mean=-36.7946  pop_best=+57.0462
gen 683  best=+57.0462  mean=-54.6100  pop_best=+57.0462
gen 684  best=+57.0462  mean=-29.4343  pop_best=+57.0462
gen 685  best=+57.0462  mean=-59.1305  pop_best=+57.0462
gen 686  best=+57.0462  mean=-57.1353  pop_best=+57.0462
gen 687  best=+57.0462  mean=-29.3254  pop_best=+57.0462
gen 688  best=+57.0462  mean=-35.8775  pop_best=+57.0462
gen 689  best=+57.0462  mean=-66.1701  pop_best=+57.0462
gen 690  best=+57.0462  mean=-61.2181  pop_best=+57.0462
gen 691  best=+57.0462  mean=-29.0053  pop_best=+57.0462
gen 692  best=+57.0462  mean=-43.7297  pop_best=+57.0462
gen 693  best=+57.0462  mean=-45.8475  pop_best=+57.0462
gen 694  best=+57.0462  mean=-24.8969  pop_best=+57.0462
gen 695  best=+57.0462  mean=-51.9323  pop_best=+57.0462
gen 696  best=+57.0462  mean=-46.3264  pop_best=+57.0462
gen 697  best=+57.0462  mean=-45.2184  pop_best=+57.0462
gen 698  best=+57.0462  mean=-52.8743  pop_best=+57.0462
gen 699  best=+57.0462  mean=-52.4831  pop_best=+57.0462
gen 700  best=+57.0462  mean=-62.7517  pop_best=+57.0462
gen 701  best=+57.0462  mean=-34.9002  pop_best=+57.0462
gen 702  best=+57.0462  mean=-52.1991  pop_best=+57.0462
gen 703  best=+57.0462  mean=-32.5526  pop_best=+57.0462
gen 704  best=+57.0462  mean=-31.1465  pop_best=+57.0462
gen 705  best=+57.0462  mean=-31.9302  pop_best=+57.0462
gen 706  best=+57.0462  mean=-27.6501  pop_best=+57.0462
gen 707  best=+57.0462  mean=-51.4555  pop_best=+57.0462
gen 708  best=+57.0462  mean=-35.5486  pop_best=+57.0462
gen 709  best=+57.0462  mean=-42.6778  pop_best=+57.0462
gen 710  best=+57.0462  mean=-62.0859  pop_best=+57.0462
gen 711  best=+57.0462  mean=-47.3404  pop_best=+57.0462
gen 712  best=+57.0462  mean=-42.1488  pop_best=+57.0462
gen 713  best=+57.0462  mean=-49.1601  pop_best=+57.0462
gen 714  best=+57.0462  mean=-37.6733  pop_best=+57.0462
gen 715  best=+57.0462  mean=-23.5835  pop_best=+57.0462
gen 716  best=+57.0462  mean=-34.1613  pop_best=+57.0462
gen 717  best=+57.0462  mean=-32.9325  pop_best=+57.0462
gen 718  best=+57.0462  mean=-43.7054  pop_best=+57.0462
gen 719  best=+57.0462  mean=-25.5476  pop_best=+57.0462
gen 720  best=+57.0462  mean=-36.6720  pop_best=+57.0462
gen 721  best=+57.0462  mean=-62.7396  pop_best=+57.0462
gen 722  best=+57.0462  mean=-39.2935  pop_best=+57.0462
gen 723  best=+57.0462  mean=-36.3771  pop_best=+57.0462
gen 724  best=+57.0462  mean=-34.4812  pop_best=+57.0462
gen 725  best=+57.0462  mean=-46.1443  pop_best=+57.0462
gen 726  best=+57.0462  mean=-35.1178  pop_best=+57.0462
gen 727  best=+57.0462  mean=-39.5466  pop_best=+57.0462
gen 728  best=+57.0462  mean=-40.9810  pop_best=+57.0462
gen 729  best=+57.0462  mean=-45.1673  pop_best=+57.0462
gen 730  best=+57.0462  mean=-34.6784  pop_best=+57.0462
gen 731  best=+57.0462  mean=-31.6823  pop_best=+57.0462
gen 732  best=+57.0462  mean=-37.1359  pop_best=+57.0462
gen 733  best=+57.0462  mean=-20.9281  pop_best=+57.0462
gen 734  best=+57.0462  mean=-36.0310  pop_best=+57.0462
gen 735  best=+57.0462  mean=-39.7797  pop_best=+57.0462
gen 736  best=+57.0462  mean=-64.7335  pop_best=+57.0462
gen 737  best=+57.0462  mean=-54.6254  pop_best=+57.0462
gen 738  best=+57.0462  mean=-42.6133  pop_best=+57.0462
gen 739  best=+57.0462  mean=-47.9298  pop_best=+57.0462
gen 740  best=+57.0462  mean=-31.3722  pop_best=+57.0462
gen 741  best=+57.0462  mean=-47.4927  pop_best=+57.0462
gen 742  best=+57.0462  mean=-34.2926  pop_best=+57.0462
gen 743  best=+57.0462  mean=-40.8114  pop_best=+57.0462
gen 744  best=+57.0462  mean=-31.1665  pop_best=+57.0462
gen 745  best=+57.0462  mean=-27.7301  pop_best=+57.0462
gen 746  best=+57.0462  mean=-35.6352  pop_best=+57.0462
gen 747  best=+57.0462  mean=-26.4512  pop_best=+57.0462
gen 748  best=+57.0462  mean=-40.2538  pop_best=+57.0462
gen 749  best=+57.0462  mean=-18.0433  pop_best=+57.0462
gen 750  best=+57.0462  mean=-28.9215  pop_best=+57.0462
gen 751  best=+57.0462  mean=-52.9907  pop_best=+57.0462
gen 752  best=+57.0462  mean=-20.0125  pop_best=+57.0462
gen 753  best=+57.0462  mean=-40.0547  pop_best=+57.0462
gen 754  best=+57.0462  mean=-43.5658  pop_best=+57.0462
gen 755  best=+57.0462  mean=-49.2914  pop_best=+57.0462
gen 756  best=+57.0462  mean=-47.1371  pop_best=+57.0462
gen 757  best=+57.0462  mean=-33.5772  pop_best=+57.0462
gen 758  best=+57.0462  mean=-50.1632  pop_best=+57.0462
gen 759  best=+57.0462  mean=-46.5403  pop_best=+57.0462
gen 760  best=+57.0462  mean=-17.1102  pop_best=+57.0462
gen 761  best=+57.0462  mean=-19.9206  pop_best=+57.0462
gen 762  best=+57.0462  mean=-43.7625  pop_best=+57.0462
gen 763  best=+57.0462  mean=-32.1704  pop_best=+57.0462
gen 764  best=+57.0462  mean=-49.9622  pop_best=+57.0462
gen 765  best=+57.0462  mean=-30.7253  pop_best=+57.0462
gen 766  best=+57.0462  mean=-20.5498  pop_best=+57.0462
gen 767  best=+57.0462  mean=-30.3862  pop_best=+57.0462
gen 768  best=+57.0462  mean=-31.5452  pop_best=+57.0462
gen 769  best=+57.0462  mean=-29.8335  pop_best=+57.0462
gen 770  best=+57.0462  mean=-45.2453  pop_best=+57.0462
gen 771  best=+57.0462  mean=-28.7090  pop_best=+57.0462
gen 772  best=+57.0462  mean=-41.6200  pop_best=+57.0462
gen 773  best=+57.0462  mean=-26.6046  pop_best=+57.0462
gen 774  best=+57.0462  mean=-35.8693  pop_best=+57.0462
gen 775  best=+57.0462  mean=-20.4719  pop_best=+57.0462
gen 776  best=+57.0462  mean=-50.9339  pop_best=+57.0462
gen 777  best=+57.0462  mean=-37.0163  pop_best=+57.0462
gen 778  best=+57.0462  mean=-77.4115  pop_best=+57.0462
gen 779  best=+57.0462  mean=-42.6576  pop_best=+57.0462
gen 780  best=+57.0462  mean=-62.0208  pop_best=+57.0462
gen 781  best=+57.0462  mean=-35.2666  pop_best=+57.0462
gen 782  best=+57.0462  mean=-57.0576  pop_best=+57.0462
gen 783  best=+57.0462  mean=-26.4646  pop_best=+57.0462
gen 784  best=+57.0462  mean=-57.6348  pop_best=+57.0462
gen 785  best=+57.0462  mean=-52.2010  pop_best=+57.0462
gen 786  best=+57.0462  mean=-34.3132  pop_best=+57.0462
gen 787  best=+57.0462  mean=-28.7832  pop_best=+57.0462
gen 788  best=+57.0462  mean=-34.6203  pop_best=+57.0462
gen 789  best=+57.0462  mean=-28.0548  pop_best=+57.0462
gen 790  best=+57.0462  mean=-36.6750  pop_best=+57.0462
gen 791  best=+57.0462  mean=-34.9207  pop_best=+57.0462
gen 792  best=+57.0462  mean=-34.7631  pop_best=+57.0462
gen 793  best=+57.0462  mean=-62.8842  pop_best=+57.0462
gen 794  best=+57.0462  mean=-20.2184  pop_best=+57.0462
gen 795  best=+57.0462  mean=-43.5802  pop_best=+57.0462
gen 796  best=+57.0462  mean=-39.8940  pop_best=+57.0462
gen 797  best=+57.0462  mean=-65.5316  pop_best=+57.0462
gen 798  best=+57.0462  mean=-43.4734  pop_best=+57.0462
gen 799  best=+57.0462  mean=-26.6213  pop_best=+57.0462
gen 800  best=+57.0462  mean=-36.4483  pop_best=+57.0462
gen 801  best=+57.0462  mean=-49.8035  pop_best=+57.0462
gen 802  best=+57.0462  mean=-25.2240  pop_best=+57.0462
gen 803  best=+57.0462  mean=-48.6013  pop_best=+57.0462
gen 804  best=+57.0462  mean=-33.2269  pop_best=+57.0462
gen 805  best=+57.0462  mean=-40.8804  pop_best=+57.0462
gen 806  best=+57.0462  mean=-32.2762  pop_best=+57.0462
gen 807  best=+57.0462  mean=-54.6460  pop_best=+57.0462
gen 808  best=+57.0462  mean=-50.8052  pop_best=+57.0462
gen 809  best=+57.0462  mean=-32.9765  pop_best=+57.0462
gen 810  best=+57.0462  mean=-31.7542  pop_best=+57.0462
gen 811  best=+57.0462  mean=-30.5845  pop_best=+57.0462
gen 812  best=+57.0462  mean=-41.4056  pop_best=+57.0462
gen 813  best=+57.0462  mean=-70.4997  pop_best=+57.0462
gen 814  best=+57.0462  mean=-27.7878  pop_best=+57.0462
gen 815  best=+57.0462  mean=-50.0830  pop_best=+57.0462
gen 816  best=+57.0462  mean=-33.1019  pop_best=+57.0462
gen 817  best=+57.0462  mean=-36.7511  pop_best=+57.0462
gen 818  best=+57.0462  mean=-49.1508  pop_best=+57.0462
gen 819  best=+57.0462  mean=-48.6056  pop_best=+57.0462
gen 820  best=+57.0462  mean=-21.9995  pop_best=+57.0462
gen 821  best=+57.0462  mean=-39.0541  pop_best=+57.0462
gen 822  best=+57.0462  mean=-27.5387  pop_best=+57.0462
gen 823  best=+57.0462  mean=-28.1204  pop_best=+57.0462
gen 824  best=+57.0462  mean=-47.3469  pop_best=+57.0462
gen 825  best=+57.0462  mean=-21.1533  pop_best=+57.0462
gen 826  best=+57.0462  mean=-33.7184  pop_best=+57.0462
gen 827  best=+57.0462  mean=-19.8274  pop_best=+57.0462
gen 828  best=+57.0462  mean=-30.2079  pop_best=+57.0462
gen 829  best=+57.0462  mean=-55.4501  pop_best=+57.0462
gen 830  best=+57.0462  mean=-32.0987  pop_best=+57.0462
gen 831  best=+57.0462  mean=-48.5921  pop_best=+57.0462
gen 832  best=+57.0462  mean=-45.1237  pop_best=+57.0462
gen 833  best=+57.0462  mean=-32.8015  pop_best=+57.0462
gen 834  best=+57.0462  mean=-64.6085  pop_best=+57.0462
gen 835  best=+57.0462  mean=-43.3336  pop_best=+57.0462
gen 836  best=+57.0462  mean=-36.8952  pop_best=+57.0462
gen 837  best=+57.0462  mean=-35.0348  pop_best=+57.0462
gen 838  best=+57.0462  mean=-41.8043  pop_best=+57.0462
gen 839  best=+57.0462  mean=-34.5641  pop_best=+57.0462
gen 840  best=+57.0462  mean=-29.2211  pop_best=+57.0462
gen 841  best=+57.0462  mean=-46.3458  pop_best=+57.0462
gen 842  best=+57.0462  mean=-37.0107  pop_best=+57.0462
gen 843  best=+57.0462  mean=-49.8736  pop_best=+57.0462
gen 844  best=+57.0462  mean=-32.1422  pop_best=+57.0462
gen 845  best=+57.0462  mean=-39.7667  pop_best=+57.0462
gen 846  best=+57.0462  mean=-26.6270  pop_best=+57.0462
gen 847  best=+57.0462  mean=-37.3310  pop_best=+57.0462
gen 848  best=+57.0462  mean=-50.7501  pop_best=+57.0462
gen 849  best=+57.0462  mean=-48.2526  pop_best=+57.0462
gen 850  best=+57.0462  mean=-39.8446  pop_best=+57.0462
gen 851  best=+57.0462  mean=-46.2653  pop_best=+57.0462
gen 852  best=+57.0462  mean=-38.1944  pop_best=+57.0462
gen 853  best=+57.0462  mean=-23.3129  pop_best=+57.0462
gen 854  best=+57.0462  mean=-49.1409  pop_best=+57.0462
gen 855  best=+57.0462  mean=-31.9070  pop_best=+57.0462
gen 856  best=+57.0462  mean=-18.6946  pop_best=+57.0462
gen 857  best=+57.0462  mean=-48.5754  pop_best=+57.0462
gen 858  best=+57.0462  mean=-44.9126  pop_best=+57.0462
gen 859  best=+57.0462  mean=-33.9695  pop_best=+57.0462
gen 860  best=+57.0462  mean=-39.1292  pop_best=+57.0462
gen 861  best=+57.0462  mean=-38.9015  pop_best=+57.0462
gen 862  best=+57.0462  mean=-63.4563  pop_best=+57.0462
gen 863  best=+57.0462  mean=-45.4579  pop_best=+57.0462
gen 864  best=+57.0462  mean=-45.5601  pop_best=+57.0462
gen 865  best=+57.0462  mean=-37.2192  pop_best=+57.0462
gen 866  best=+57.0462  mean=-52.1931  pop_best=+57.0462
gen 867  best=+57.0462  mean=-44.8814  pop_best=+57.0462
gen 868  best=+57.0462  mean=-49.1349  pop_best=+57.0462
gen 869  best=+57.0462  mean=-40.3357  pop_best=+57.0462
gen 870  best=+57.0462  mean=-32.6331  pop_best=+57.0462
gen 871  best=+57.0462  mean=-29.7473  pop_best=+57.0462
gen 872  best=+57.0462  mean=-21.7567  pop_best=+57.0462
gen 873  best=+57.0462  mean=-46.7571  pop_best=+57.0462
gen 874  best=+57.0462  mean=-38.0079  pop_best=+57.0462
gen 875  best=+57.0462  mean=-26.7862  pop_best=+57.0462
gen 876  best=+57.0462  mean=-41.6665  pop_best=+57.0462
gen 877  best=+57.0462  mean=-42.6756  pop_best=+57.0462
gen 878  best=+57.0462  mean=-19.2459  pop_best=+57.0462
gen 879  best=+57.0462  mean=-25.2812  pop_best=+57.0462
gen 880  best=+57.0462  mean=-45.3391  pop_best=+57.0462
gen 881  best=+57.0462  mean=-36.9513  pop_best=+57.0462
gen 882  best=+81.2959  mean=-29.6749  pop_best=+81.2959  dist=+0.6521m phases=60/60 z=0.177
gen 883  best=+81.2959  mean=-33.8993  pop_best=+81.2959
gen 884  best=+81.2959  mean=-43.9909  pop_best=+81.2959
gen 885  best=+81.2959  mean=-53.1874  pop_best=+81.2959
gen 886  best=+81.2959  mean=-61.6153  pop_best=+81.2959
gen 887  best=+81.2959  mean=-36.4428  pop_best=+81.2959
gen 888  best=+81.2959  mean=-43.2485  pop_best=+81.2959
gen 889  best=+81.2959  mean=-50.1678  pop_best=+81.2959
gen 890  best=+81.2959  mean=-51.4637  pop_best=+81.2959
gen 891  best=+81.2959  mean=-30.6798  pop_best=+81.2959
gen 892  best=+81.2959  mean=-49.2069  pop_best=+81.2959
gen 893  best=+81.2959  mean=-25.8086  pop_best=+81.2959
gen 894  best=+81.2959  mean=-29.9945  pop_best=+81.2959
gen 895  best=+81.2959  mean=-55.3558  pop_best=+81.2959
gen 896  best=+81.2959  mean=-46.9487  pop_best=+81.2959
gen 897  best=+81.2959  mean=-33.9610  pop_best=+81.2959
gen 898  best=+81.2959  mean=-29.3303  pop_best=+81.2959
gen 899  best=+81.2959  mean=-44.8388  pop_best=+81.2959
gen 900  best=+81.2959  mean=-38.8042  pop_best=+81.2959
gen 901  best=+81.2959  mean=-37.0840  pop_best=+81.2959
gen 902  best=+81.2959  mean=-41.8027  pop_best=+81.2959
gen 903  best=+81.2959  mean=-49.8550  pop_best=+81.2959
gen 904  best=+81.2959  mean=-22.5212  pop_best=+81.2959
gen 905  best=+81.2959  mean=-38.4276  pop_best=+81.2959
gen 906  best=+81.2959  mean=-46.6655  pop_best=+81.2959
gen 907  best=+81.2959  mean=-44.0055  pop_best=+81.2959
gen 908  best=+81.2959  mean=-36.0213  pop_best=+81.2959
gen 909  best=+81.2959  mean=-39.6272  pop_best=+81.2959
gen 910  best=+81.2959  mean=-37.9888  pop_best=+81.2959
gen 911  best=+81.2959  mean=-12.4066  pop_best=+81.2959
gen 912  best=+81.2959  mean=-31.1617  pop_best=+81.2959
gen 913  best=+81.2959  mean=-20.1861  pop_best=+81.2959
gen 914  best=+81.2959  mean=-48.9042  pop_best=+81.2959
gen 915  best=+81.2959  mean=-27.7172  pop_best=+81.2959
gen 916  best=+81.2959  mean=-53.3757  pop_best=+81.2959
gen 917  best=+81.2959  mean=-45.7469  pop_best=+81.2959
gen 918  best=+81.2959  mean=-29.9025  pop_best=+81.2959
gen 919  best=+81.2959  mean=-28.3426  pop_best=+81.2959
gen 920  best=+81.2959  mean=-30.4223  pop_best=+81.2959
gen 921  best=+81.2959  mean=-34.9389  pop_best=+81.2959
gen 922  best=+81.2959  mean=-60.7982  pop_best=+81.2959
gen 923  best=+81.2959  mean=-34.0477  pop_best=+81.2959
gen 924  best=+81.2959  mean=-58.4137  pop_best=+81.2959
gen 925  best=+81.2959  mean=-42.7356  pop_best=+81.2959
gen 926  best=+81.2959  mean=-22.9840  pop_best=+81.2959
gen 927  best=+81.2959  mean=-36.2965  pop_best=+81.2959
gen 928  best=+81.2959  mean=-42.0623  pop_best=+81.2959
gen 929  best=+81.2959  mean=-43.2317  pop_best=+81.2959
gen 930  best=+81.2959  mean=-34.6938  pop_best=+81.2959
gen 931  best=+81.2959  mean=-29.0937  pop_best=+81.2959
gen 932  best=+81.2959  mean=-29.8972  pop_best=+81.2959
gen 933  best=+81.2959  mean=-52.9468  pop_best=+81.2959
gen 934  best=+81.2959  mean=-27.1559  pop_best=+81.2959
gen 935  best=+81.2959  mean=-27.8719  pop_best=+81.2959
gen 936  best=+81.2959  mean=-39.9415  pop_best=+81.2959
gen 937  best=+81.2959  mean=-20.3755  pop_best=+81.2959
gen 938  best=+81.2959  mean=-72.0521  pop_best=+81.2959
gen 939  best=+81.2959  mean=-32.6058  pop_best=+81.2959
gen 940  best=+81.2959  mean=-17.3424  pop_best=+81.2959
gen 941  best=+81.2959  mean=-56.6538  pop_best=+81.2959
gen 942  best=+81.2959  mean=-43.1780  pop_best=+81.2959
gen 943  best=+81.2959  mean=-59.5814  pop_best=+81.2959
gen 944  best=+81.2959  mean=-37.9135  pop_best=+81.2959
gen 945  best=+81.2959  mean=-39.2066  pop_best=+81.2959
gen 946  best=+81.2959  mean=-37.1629  pop_best=+81.2959
gen 947  best=+81.2959  mean=-33.1534  pop_best=+81.2959
gen 948  best=+81.2959  mean=-37.1944  pop_best=+81.2959
gen 949  best=+81.2959  mean=-52.4400  pop_best=+81.2959
gen 950  best=+81.2959  mean=-41.4543  pop_best=+81.2959
gen 951  best=+81.2959  mean=-38.6109  pop_best=+81.2959
gen 952  best=+81.2959  mean=-45.2213  pop_best=+81.2959
gen 953  best=+81.2959  mean=-37.3112  pop_best=+81.2959
gen 954  best=+81.2959  mean=-23.5563  pop_best=+81.2959
gen 955  best=+81.2959  mean=-41.4176  pop_best=+81.2959
gen 956  best=+81.2959  mean=-31.1889  pop_best=+81.2959
gen 957  best=+81.2959  mean=-47.3641  pop_best=+81.2959
gen 958  best=+81.2959  mean=-37.9149  pop_best=+81.2959
gen 959  best=+81.2959  mean=-43.5162  pop_best=+81.2959
gen 960  best=+81.2959  mean=-30.7573  pop_best=+81.2959
gen 961  best=+81.2959  mean=-43.9213  pop_best=+81.2959
gen 962  best=+81.2959  mean=-18.2370  pop_best=+81.2959
gen 963  best=+81.2959  mean=-32.8090  pop_best=+81.2959
gen 964  best=+81.2959  mean=-34.6207  pop_best=+81.2959
gen 965  best=+81.2959  mean=-28.8306  pop_best=+81.2959
gen 966  best=+81.2959  mean=-32.3648  pop_best=+81.2959
gen 967  best=+81.2959  mean=-27.1127  pop_best=+81.2959
gen 968  best=+81.2959  mean=-56.4377  pop_best=+81.2959
gen 969  best=+81.2959  mean=-42.9245  pop_best=+81.2959
gen 970  best=+81.2959  mean=-32.0827  pop_best=+81.2959
gen 971  best=+81.2959  mean=-35.2934  pop_best=+81.2959
gen 972  best=+81.2959  mean=-41.4267  pop_best=+81.2959
gen 973  best=+81.2959  mean=-23.9188  pop_best=+81.2959
gen 974  best=+81.2959  mean=-42.2807  pop_best=+81.2959
gen 975  best=+81.2959  mean=-31.7620  pop_best=+81.2959
gen 976  best=+81.2959  mean=-27.5313  pop_best=+81.2959
gen 977  best=+81.2959  mean=-42.7650  pop_best=+81.2959
gen 978  best=+81.2959  mean=-51.9732  pop_best=+81.2959
gen 979  best=+81.2959  mean=-29.9832  pop_best=+81.2959
gen 980  best=+81.2959  mean=-49.6950  pop_best=+81.2959
gen 981  best=+81.2959  mean=-32.4712  pop_best=+81.2959
gen 982  best=+81.2959  mean=-42.9603  pop_best=+81.2959
gen 983  best=+81.2959  mean=-41.0441  pop_best=+81.2959
gen 984  best=+81.2959  mean=-16.3329  pop_best=+81.2959
gen 985  best=+81.2959  mean=-36.6551  pop_best=+81.2959
gen 986  best=+81.2959  mean=-39.3578  pop_best=+81.2959
gen 987  best=+81.2959  mean=-57.4747  pop_best=+81.2959
gen 988  best=+81.2959  mean=-47.1827  pop_best=+81.2959
gen 989  best=+81.2959  mean=-25.2845  pop_best=+81.2959
gen 990  best=+81.2959  mean=-40.1892  pop_best=+81.2959
gen 991  best=+81.2959  mean=-41.0427  pop_best=+81.2959
gen 992  best=+81.2959  mean=-74.4531  pop_best=+81.2959
gen 993  best=+81.2959  mean=-39.3727  pop_best=+81.2959
gen 994  best=+81.2959  mean=-33.9458  pop_best=+81.2959
gen 995  best=+81.2959  mean=-47.0362  pop_best=+81.2959
gen 996  best=+81.2959  mean=-54.8756  pop_best=+81.2959
gen 997  best=+81.2959  mean=-42.9705  pop_best=+81.2959
gen 998  best=+81.2959  mean=-29.1023  pop_best=+81.2959
gen 999  best=+81.2959  mean=-32.0813  pop_best=+81.2959
gen 1000  best=+81.2959  mean=-30.6445  pop_best=+81.2959

Done. best reward 81.2959  (0 restarts)
  phase_time=0.31s
  start         FL(+28.3, -42.5)  FR(+22.6, -46.9)  RL(+40.5, -47.8)  RR(+39.8, -46.3)
  shift_FR      FL(+45.6, -89.3)  FR(+10.0, -45.4)  RL(+50.5, -88.5)  RR(+11.5, -50.5)
  swing_FR      FL(+44.8, -73.4)  FR(+24.0, -90.7)  RL(+46.3, -90.3)  RR(+37.9, -76.0)
  plant_FR      FL(+36.7, -54.7)  FR(+19.7, -36.1)  RL(+47.3, -46.7)  RR(+25.6, -33.1)
  shift_RL      FL(+20.9, -79.0)  FR(+30.6, -25.1)  RL(+40.2, -32.1)  RR(+44.5, -48.2)
  swing_RL      FL(+17.3, -53.3)  FR(+14.2, -43.1)  RL(+23.3, -68.1)  RR(+14.1, -98.7)
  plant_RL      FL(+38.9, -65.6)  FR(+45.0, -93.2)  RL(+41.7, -47.2)  RR(+35.0, -61.8)
  shift_FL      FL(+53.2, -57.1)  FR( +5.7, -94.6)  RL(+34.9, -88.3)  RR(+43.3, -71.0)
  swing_FL      FL(+41.4, -77.6)  FR(+10.0, -67.1)  RL(+48.6, -62.3)  RR(+30.1, -38.3)
  plant_FL      FL(+46.0, -67.4)  FR(+37.2, -47.6)  RL(+32.4, -50.0)  RR(+44.9, -85.6)
  shift_RR      FL(+11.0, -45.3)  FR(+35.9, -54.2)  RL(+39.1, -31.4)  RR(+28.1, -56.5)
  swing_RR      FL(+36.3, -89.9)  FR(+51.2, -25.8)  RL(+45.7, -33.8)  RR(+33.4, -80.9)
  plant_RR      FL(+52.7, -57.7)  FR(+35.6, -87.8)  RL(+37.8, -96.2)  RR(+45.5, -82.0)
Saved to best_gait_rand_stand.json

=== Moving results to /cluster/home/dparri03/robotics/LBS-1a/sim/results/20260422_005700/random_stand_1000 ===
copied 'best_gait_rand_stand.json' -> '/cluster/home/dparri03/robotics/LBS-1a/sim/results/20260422_005700/random_stand_1000/best_gait_rand_stand.json'
removed 'best_gait_rand_stand.json'
copied 'tune_gait_rand_stand.jsonl' -> '/cluster/home/dparri03/robotics/LBS-1a/sim/results/20260422_005700/random_stand_1000/tune_gait_rand_stand.jsonl'
removed 'tune_gait_rand_stand.jsonl'

=== Done at Wed Apr 22 06:01:47 EDT 2026 ===
