=== Training config ===
  algo=random  init=random  gens=1000  popsize=48
  cpus=16  node=d1cmp032.pax.tufts.edu
  outdir=/cluster/home/dparri03/robotics/LBS-1a/sim/results/20260422_005700/random_random_1000
  workdir=/tmp/tmp.UUIpWkzSnu
  started=Wed Apr 22 06:01:55 EDT 2026

Random search (105 params, popsize=48, gens=1000, 5 cycles/eval)
  workers: 15
gen   1  best=+6.6990  mean=-55.3530  pop_best=+6.6990  dist=+0.0992m phases=4/60 z=0.175
gen   2  best=+6.6990  mean=-61.8545  pop_best=+6.6990
gen   3  best=+6.6990  mean=-23.5194  pop_best=+6.6990
gen   4  best=+10.7064  mean=-40.4472  pop_best=+10.7064  dist=+0.1489m phases=3/60 z=0.180
gen   5  best=+10.7064  mean=-28.6792  pop_best=+10.7064
gen   6  best=+10.7064  mean=-27.2855  pop_best=+10.7064
gen   7  best=+10.7064  mean=-49.7566  pop_best=+10.7064
gen   8  best=+10.7064  mean=-39.2201  pop_best=+10.7064
gen   9  best=+10.7064  mean=-51.9178  pop_best=+10.7064
gen  10  best=+10.7064  mean=-41.3913  pop_best=+10.7064
gen  11  best=+10.7064  mean=-38.0682  pop_best=+10.7064
gen  12  best=+10.7064  mean=-36.5999  pop_best=+10.7064
gen  13  best=+10.7064  mean=-28.3059  pop_best=+10.7064
gen  14  best=+10.7064  mean=-25.3475  pop_best=+10.7064
gen  15  best=+10.7064  mean=-31.8206  pop_best=+10.7064
gen  16  best=+10.7064  mean=-25.7324  pop_best=+10.7064
gen  17  best=+10.7064  mean=-52.9901  pop_best=+10.7064
gen  18  best=+10.7064  mean=-26.4162  pop_best=+10.7064
gen  19  best=+10.7064  mean=-51.5362  pop_best=+10.7064
gen  20  best=+10.7064  mean=-35.9476  pop_best=+10.7064
gen  21  best=+10.7064  mean=-29.1269  pop_best=+10.7064
gen  22  best=+10.7064  mean=-37.4509  pop_best=+10.7064
gen  23  best=+10.7064  mean=-71.6868  pop_best=+10.7064
gen  24  best=+10.7064  mean=-31.6567  pop_best=+10.7064
gen  25  best=+10.7064  mean=-50.6713  pop_best=+10.7064
gen  26  best=+10.7064  mean=-35.1309  pop_best=+10.7064
gen  27  best=+10.7064  mean=-23.6648  pop_best=+10.7064
gen  28  best=+10.7064  mean=-29.0617  pop_best=+10.7064
gen  29  best=+10.7064  mean=-29.3139  pop_best=+10.7064
gen  30  best=+10.7064  mean=-48.2123  pop_best=+10.7064
gen  31  best=+10.7064  mean=-36.6613  pop_best=+10.7064
gen  32  best=+10.7064  mean=-30.0447  pop_best=+10.7064
gen  33  best=+10.7064  mean=-51.1373  pop_best=+10.7064
gen  34  best=+10.7064  mean=-22.7107  pop_best=+10.7064
gen  35  best=+10.7064  mean=-37.5349  pop_best=+10.7064
gen  36  best=+10.7064  mean=-30.4018  pop_best=+10.7064
gen  37  best=+10.7064  mean=-47.7944  pop_best=+10.7064
gen  38  best=+10.7064  mean=-48.8736  pop_best=+10.7064
gen  39  best=+10.7064  mean=-61.4136  pop_best=+10.7064
gen  40  best=+10.7064  mean=-34.9475  pop_best=+10.7064
gen  41  best=+10.7064  mean=-38.0629  pop_best=+10.7064
gen  42  best=+10.7064  mean=-36.5019  pop_best=+10.7064
gen  43  best=+10.7064  mean=-40.5688  pop_best=+10.7064
gen  44  best=+10.7064  mean=-28.4547  pop_best=+10.7064
gen  45  best=+10.7064  mean=-30.0699  pop_best=+10.7064
gen  46  best=+10.7064  mean=-28.3055  pop_best=+10.7064
gen  47  best=+10.7064  mean=-23.9969  pop_best=+10.7064
gen  48  best=+10.7064  mean=-49.6165  pop_best=+10.7064
gen  49  best=+10.7064  mean=-55.5629  pop_best=+10.7064
gen  50  best=+10.7064  mean=-31.3493  pop_best=+10.7064
gen  51  best=+10.7064  mean=-42.3564  pop_best=+10.7064
gen  52  best=+10.7064  mean=-24.6993  pop_best=+10.7064
gen  53  best=+10.7064  mean=-47.0005  pop_best=+10.7064
gen  54  best=+10.7064  mean=-56.0215  pop_best=+10.7064
gen  55  best=+28.1691  mean=-35.2931  pop_best=+28.1691  dist=+0.1360m phases=60/60 z=0.174
gen  56  best=+28.1691  mean=-54.5624  pop_best=+28.1691
gen  57  best=+28.1691  mean=-44.3562  pop_best=+28.1691
gen  58  best=+28.1691  mean=-45.5305  pop_best=+28.1691
gen  59  best=+28.1691  mean=-54.1392  pop_best=+28.1691
gen  60  best=+28.1691  mean=-33.0504  pop_best=+28.1691
gen  61  best=+28.1691  mean=-32.8545  pop_best=+28.1691
gen  62  best=+28.1691  mean=-36.1624  pop_best=+28.1691
gen  63  best=+28.1691  mean=-22.4994  pop_best=+28.1691
gen  64  best=+28.1691  mean=-20.4834  pop_best=+28.1691
gen  65  best=+28.1691  mean=-42.9956  pop_best=+28.1691
gen  66  best=+28.1691  mean=-32.0357  pop_best=+28.1691
gen  67  best=+28.1691  mean=-41.1743  pop_best=+28.1691
gen  68  best=+28.1691  mean=-28.3760  pop_best=+28.1691
gen  69  best=+28.1691  mean=-51.1596  pop_best=+28.1691
gen  70  best=+28.1691  mean=-43.0075  pop_best=+28.1691
gen  71  best=+28.1691  mean=-27.4428  pop_best=+28.1691
gen  72  best=+28.1691  mean=-34.5350  pop_best=+28.1691
gen  73  best=+28.1691  mean=-60.5337  pop_best=+28.1691
gen  74  best=+28.1691  mean=-82.0974  pop_best=+28.1691
gen  75  best=+28.1691  mean=-34.6166  pop_best=+28.1691
gen  76  best=+28.1691  mean=-46.4603  pop_best=+28.1691
gen  77  best=+28.1691  mean=-38.9192  pop_best=+28.1691
gen  78  best=+28.1691  mean=-32.5419  pop_best=+28.1691
gen  79  best=+28.1691  mean=-48.5564  pop_best=+28.1691
gen  80  best=+28.1691  mean=-43.2392  pop_best=+28.1691
gen  81  best=+28.1691  mean=-34.1573  pop_best=+28.1691
gen  82  best=+28.1691  mean=-33.2507  pop_best=+28.1691
gen  83  best=+28.1691  mean=-35.1144  pop_best=+28.1691
gen  84  best=+28.1691  mean=-36.2017  pop_best=+28.1691
gen  85  best=+28.1691  mean=-27.4864  pop_best=+28.1691
gen  86  best=+28.1691  mean=-61.8205  pop_best=+28.1691
gen  87  best=+28.1691  mean=-40.2070  pop_best=+28.1691
gen  88  best=+28.1691  mean=-44.3409  pop_best=+28.1691
gen  89  best=+28.1691  mean=-59.4036  pop_best=+28.1691
gen  90  best=+28.1691  mean=-59.4644  pop_best=+28.1691
gen  91  best=+28.1691  mean=-46.2326  pop_best=+28.1691
gen  92  best=+28.1691  mean=-31.6697  pop_best=+28.1691
gen  93  best=+28.1691  mean=-42.3893  pop_best=+28.1691
gen  94  best=+28.1691  mean=-28.6521  pop_best=+28.1691
gen  95  best=+28.1691  mean=-35.9646  pop_best=+28.1691
gen  96  best=+28.1691  mean=-34.1011  pop_best=+28.1691
gen  97  best=+28.1691  mean=-17.3507  pop_best=+28.1691
gen  98  best=+28.1691  mean=-35.9688  pop_best=+28.1691
gen  99  best=+28.1691  mean=-56.7500  pop_best=+28.1691
gen 100  best=+28.1691  mean=-34.9480  pop_best=+28.1691
gen 101  best=+28.1691  mean=-28.8470  pop_best=+28.1691
gen 102  best=+28.1691  mean=-37.9232  pop_best=+28.1691
gen 103  best=+28.1691  mean=-19.8026  pop_best=+28.1691
gen 104  best=+28.1691  mean=-61.6149  pop_best=+28.1691
gen 105  best=+28.1691  mean=-43.5580  pop_best=+28.1691
gen 106  best=+28.1691  mean=-36.1408  pop_best=+28.1691
gen 107  best=+28.1691  mean=-37.8083  pop_best=+28.1691
gen 108  best=+28.1691  mean=-28.1740  pop_best=+28.1691
gen 109  best=+28.1691  mean=-34.2068  pop_best=+28.1691
gen 110  best=+28.1691  mean=-36.6129  pop_best=+28.1691
gen 111  best=+28.1691  mean=-29.2031  pop_best=+28.1691
gen 112  best=+28.1691  mean=-25.1380  pop_best=+28.1691
gen 113  best=+28.1691  mean=-30.2917  pop_best=+28.1691
gen 114  best=+28.1691  mean=-36.4311  pop_best=+28.1691
gen 115  best=+28.1691  mean=-31.6162  pop_best=+28.1691
gen 116  best=+28.1691  mean=-37.6989  pop_best=+28.1691
gen 117  best=+28.1691  mean=-57.2765  pop_best=+28.1691
gen 118  best=+28.1691  mean=-42.2735  pop_best=+28.1691
gen 119  best=+28.1691  mean=-46.8168  pop_best=+28.1691
gen 120  best=+28.1691  mean=-33.0083  pop_best=+28.1691
gen 121  best=+28.1691  mean=-29.0490  pop_best=+28.1691
gen 122  best=+28.1691  mean=-35.9227  pop_best=+28.1691
gen 123  best=+28.1691  mean=-44.5670  pop_best=+28.1691
gen 124  best=+28.1691  mean=-27.4227  pop_best=+28.1691
gen 125  best=+28.1691  mean=-34.4321  pop_best=+28.1691
gen 126  best=+28.1691  mean=-27.4006  pop_best=+28.1691
gen 127  best=+28.1691  mean=-25.0601  pop_best=+28.1691
gen 128  best=+28.1691  mean=-39.3848  pop_best=+28.1691
gen 129  best=+28.1691  mean=-35.0953  pop_best=+28.1691
gen 130  best=+28.1691  mean=-53.7416  pop_best=+28.1691
gen 131  best=+28.1691  mean=-52.1832  pop_best=+28.1691
gen 132  best=+28.1691  mean=-24.8522  pop_best=+28.1691
gen 133  best=+28.1691  mean=-49.2807  pop_best=+28.1691
gen 134  best=+28.1691  mean=-32.4262  pop_best=+28.1691
gen 135  best=+28.1691  mean=-38.0792  pop_best=+28.1691
gen 136  best=+28.1691  mean=-48.0742  pop_best=+28.1691
gen 137  best=+28.1691  mean=-51.9390  pop_best=+28.1691
gen 138  best=+28.1691  mean=-32.7039  pop_best=+28.1691
gen 139  best=+28.1691  mean=-36.8899  pop_best=+28.1691
gen 140  best=+28.1691  mean=-35.9801  pop_best=+28.1691
gen 141  best=+28.1691  mean=-49.8441  pop_best=+28.1691
gen 142  best=+28.1691  mean=-44.9803  pop_best=+28.1691
gen 143  best=+28.1691  mean=-32.0872  pop_best=+28.1691
gen 144  best=+28.1691  mean=-21.9237  pop_best=+28.1691
gen 145  best=+28.1691  mean=-38.8523  pop_best=+28.1691
gen 146  best=+28.1691  mean=-53.2564  pop_best=+28.1691
gen 147  best=+28.1691  mean=-48.8793  pop_best=+28.1691
gen 148  best=+28.1691  mean=-23.7792  pop_best=+28.1691
gen 149  best=+28.1691  mean=-40.6369  pop_best=+28.1691
gen 150  best=+28.1691  mean=-50.1483  pop_best=+28.1691
gen 151  best=+28.1691  mean=-63.9730  pop_best=+28.1691
gen 152  best=+28.1691  mean=-60.4226  pop_best=+28.1691
gen 153  best=+28.1691  mean=-53.0174  pop_best=+28.1691
gen 154  best=+28.1691  mean=-48.6596  pop_best=+28.1691
gen 155  best=+28.1691  mean=-36.6458  pop_best=+28.1691
gen 156  best=+28.1691  mean=-18.1827  pop_best=+28.1691
gen 157  best=+28.1691  mean=-42.5813  pop_best=+28.1691
gen 158  best=+28.1691  mean=-31.1071  pop_best=+28.1691
gen 159  best=+28.1691  mean=-42.8949  pop_best=+28.1691
gen 160  best=+28.1691  mean=-42.8785  pop_best=+28.1691
gen 161  best=+28.1691  mean=-45.7386  pop_best=+28.1691
gen 162  best=+28.1691  mean=-32.8371  pop_best=+28.1691
gen 163  best=+28.1691  mean=-50.8914  pop_best=+28.1691
gen 164  best=+28.1691  mean=-68.8024  pop_best=+28.1691
gen 165  best=+28.1691  mean=-45.3348  pop_best=+28.1691
gen 166  best=+28.1691  mean=-49.3248  pop_best=+28.1691
gen 167  best=+28.1691  mean=-56.5511  pop_best=+28.1691
gen 168  best=+28.1691  mean=-33.5532  pop_best=+28.1691
gen 169  best=+28.1691  mean=-53.7591  pop_best=+28.1691
gen 170  best=+28.1691  mean=-37.8584  pop_best=+28.1691
gen 171  best=+28.1691  mean=-32.8406  pop_best=+28.1691
gen 172  best=+28.1691  mean=-32.8655  pop_best=+28.1691
gen 173  best=+28.1691  mean=-44.8554  pop_best=+28.1691
gen 174  best=+28.1691  mean=-33.3444  pop_best=+28.1691
gen 175  best=+28.1691  mean=-32.3783  pop_best=+28.1691
gen 176  best=+28.1691  mean=-23.2327  pop_best=+28.1691
gen 177  best=+28.1691  mean=-37.6414  pop_best=+28.1691
gen 178  best=+28.1691  mean=-19.8863  pop_best=+28.1691
gen 179  best=+28.1691  mean=-46.9228  pop_best=+28.1691
gen 180  best=+28.1691  mean=-32.5426  pop_best=+28.1691
gen 181  best=+28.1691  mean=-24.7696  pop_best=+28.1691
gen 182  best=+28.1691  mean=-75.5148  pop_best=+28.1691
gen 183  best=+28.1691  mean=-52.7895  pop_best=+28.1691
gen 184  best=+28.1691  mean=-30.7036  pop_best=+28.1691
gen 185  best=+28.1691  mean=-20.4079  pop_best=+28.1691
gen 186  best=+28.1691  mean=-35.8585  pop_best=+28.1691
gen 187  best=+28.1691  mean=-34.3814  pop_best=+28.1691
gen 188  best=+28.1691  mean=-31.9325  pop_best=+28.1691
gen 189  best=+28.1691  mean=-23.1065  pop_best=+28.1691
gen 190  best=+28.1691  mean=-38.6505  pop_best=+28.1691
gen 191  best=+28.1691  mean=-35.0997  pop_best=+28.1691
gen 192  best=+28.1691  mean=-69.1433  pop_best=+28.1691
gen 193  best=+28.1691  mean=-37.7799  pop_best=+28.1691
gen 194  best=+28.1691  mean=-47.1871  pop_best=+28.1691
gen 195  best=+28.1691  mean=-23.9277  pop_best=+28.1691
gen 196  best=+28.1691  mean=-41.5760  pop_best=+28.1691
gen 197  best=+28.1691  mean=-54.0030  pop_best=+28.1691
gen 198  best=+28.1691  mean=-44.4633  pop_best=+28.1691
gen 199  best=+28.1691  mean=-36.5203  pop_best=+28.1691
gen 200  best=+28.1691  mean=-65.4904  pop_best=+28.1691
gen 201  best=+28.1691  mean=-45.2973  pop_best=+28.1691
gen 202  best=+28.1691  mean=-55.8101  pop_best=+28.1691
gen 203  best=+28.1691  mean=-79.2374  pop_best=+28.1691
gen 204  best=+28.1691  mean=-41.2991  pop_best=+28.1691
gen 205  best=+28.1691  mean=-65.0255  pop_best=+28.1691
gen 206  best=+28.1691  mean=-34.1236  pop_best=+28.1691
gen 207  best=+28.1691  mean=-44.8977  pop_best=+28.1691
gen 208  best=+28.1691  mean=-61.9841  pop_best=+28.1691
gen 209  best=+28.1691  mean=-31.9613  pop_best=+28.1691
gen 210  best=+28.1691  mean=-31.1346  pop_best=+28.1691
gen 211  best=+28.1691  mean=-20.2200  pop_best=+28.1691
gen 212  best=+28.1691  mean=-71.6200  pop_best=+28.1691
gen 213  best=+28.1691  mean=-34.1942  pop_best=+28.1691
gen 214  best=+28.1691  mean=-54.8445  pop_best=+28.1691
gen 215  best=+28.1691  mean=-35.7003  pop_best=+28.1691
gen 216  best=+28.1691  mean=-23.1323  pop_best=+28.1691
gen 217  best=+28.1691  mean=-70.0560  pop_best=+28.1691
gen 218  best=+28.1691  mean=-45.0022  pop_best=+28.1691
gen 219  best=+28.1691  mean=-21.8383  pop_best=+28.1691
gen 220  best=+28.1691  mean=-62.2440  pop_best=+28.1691
gen 221  best=+28.1691  mean=-31.5237  pop_best=+28.1691
gen 222  best=+28.1691  mean=-47.3486  pop_best=+28.1691
gen 223  best=+28.1691  mean=-25.3629  pop_best=+28.1691
gen 224  best=+28.1691  mean=-60.9365  pop_best=+28.1691
gen 225  best=+28.1691  mean=-30.7588  pop_best=+28.1691
gen 226  best=+28.1691  mean=-38.3664  pop_best=+28.1691
gen 227  best=+28.1691  mean=-30.8512  pop_best=+28.1691
gen 228  best=+28.1691  mean=-39.7136  pop_best=+28.1691
gen 229  best=+28.1691  mean=-58.8745  pop_best=+28.1691
gen 230  best=+28.1691  mean=-34.3761  pop_best=+28.1691
gen 231  best=+28.1691  mean=-33.6408  pop_best=+28.1691
gen 232  best=+28.1691  mean=-48.0931  pop_best=+28.1691
gen 233  best=+28.1691  mean=-31.8129  pop_best=+28.1691
gen 234  best=+28.1691  mean=-28.8893  pop_best=+28.1691
gen 235  best=+28.1691  mean=-30.5340  pop_best=+28.1691
gen 236  best=+28.1691  mean=-26.3644  pop_best=+28.1691
gen 237  best=+28.1691  mean=-28.3786  pop_best=+28.1691
gen 238  best=+28.1691  mean=-51.8885  pop_best=+28.1691
gen 239  best=+28.1691  mean=-41.8725  pop_best=+28.1691
gen 240  best=+28.1691  mean=-22.7235  pop_best=+28.1691
gen 241  best=+28.1691  mean=-37.5893  pop_best=+28.1691
gen 242  best=+28.1691  mean=-48.1769  pop_best=+28.1691
gen 243  best=+28.1691  mean=-59.4617  pop_best=+28.1691
gen 244  best=+28.1691  mean=-40.7335  pop_best=+28.1691
gen 245  best=+28.1691  mean=-29.1471  pop_best=+28.1691
gen 246  best=+28.1691  mean=-46.9674  pop_best=+28.1691
gen 247  best=+28.1691  mean=-45.6155  pop_best=+28.1691
gen 248  best=+28.1691  mean=-62.5514  pop_best=+28.1691
gen 249  best=+28.1691  mean=-37.9692  pop_best=+28.1691
gen 250  best=+28.1691  mean=-34.1457  pop_best=+28.1691
gen 251  best=+28.1691  mean=-34.5560  pop_best=+28.1691
gen 252  best=+28.1691  mean=-35.8414  pop_best=+28.1691
gen 253  best=+28.1691  mean=-59.9344  pop_best=+28.1691
gen 254  best=+28.1691  mean=-27.8665  pop_best=+28.1691
gen 255  best=+28.1691  mean=-30.4721  pop_best=+28.1691
gen 256  best=+28.1691  mean=-23.7781  pop_best=+28.1691
gen 257  best=+28.1691  mean=-73.5414  pop_best=+28.1691
gen 258  best=+28.1691  mean=-46.1987  pop_best=+28.1691
gen 259  best=+28.1691  mean=-31.9101  pop_best=+28.1691
gen 260  best=+28.1691  mean=-43.2833  pop_best=+28.1691
gen 261  best=+28.1691  mean=-48.1054  pop_best=+28.1691
gen 262  best=+28.1691  mean=-37.9562  pop_best=+28.1691
gen 263  best=+28.1691  mean=-55.7240  pop_best=+28.1691
gen 264  best=+28.1691  mean=-37.9226  pop_best=+28.1691
gen 265  best=+28.1691  mean=-68.4616  pop_best=+28.1691
gen 266  best=+28.1691  mean=-42.9251  pop_best=+28.1691
gen 267  best=+28.1691  mean=-39.3585  pop_best=+28.1691
gen 268  best=+28.1691  mean=-65.7984  pop_best=+28.1691
gen 269  best=+28.1691  mean=-56.9465  pop_best=+28.1691
gen 270  best=+28.1691  mean=-61.0294  pop_best=+28.1691
gen 271  best=+28.1691  mean=-53.1679  pop_best=+28.1691
gen 272  best=+28.1691  mean=-41.5536  pop_best=+28.1691
gen 273  best=+28.1691  mean=-25.4679  pop_best=+28.1691
gen 274  best=+28.1691  mean=-39.7799  pop_best=+28.1691
gen 275  best=+28.1691  mean=-47.1853  pop_best=+28.1691
gen 276  best=+28.1691  mean=-37.9467  pop_best=+28.1691
gen 277  best=+28.1691  mean=-63.1852  pop_best=+28.1691
gen 278  best=+28.1691  mean=-34.8135  pop_best=+28.1691
gen 279  best=+28.1691  mean=-38.8039  pop_best=+28.1691
gen 280  best=+28.1691  mean=-40.6163  pop_best=+28.1691
gen 281  best=+28.1691  mean=-36.8433  pop_best=+28.1691
gen 282  best=+28.1691  mean=-31.6460  pop_best=+28.1691
gen 283  best=+28.1691  mean=-20.4155  pop_best=+28.1691
gen 284  best=+28.1691  mean=-36.4234  pop_best=+28.1691
gen 285  best=+28.1691  mean=-34.3194  pop_best=+28.1691
gen 286  best=+28.1691  mean=-40.0269  pop_best=+28.1691
gen 287  best=+28.1691  mean=-30.5444  pop_best=+28.1691
gen 288  best=+28.1691  mean=-38.2670  pop_best=+28.1691
gen 289  best=+28.1691  mean=-57.8220  pop_best=+28.1691
gen 290  best=+28.1691  mean=-34.4673  pop_best=+28.1691
gen 291  best=+28.1691  mean=-43.1585  pop_best=+28.1691
gen 292  best=+28.1691  mean=-28.1138  pop_best=+28.1691
gen 293  best=+28.1691  mean=-43.7107  pop_best=+28.1691
gen 294  best=+28.1691  mean=-46.5558  pop_best=+28.1691
gen 295  best=+28.1691  mean=-42.4413  pop_best=+28.1691
gen 296  best=+28.1691  mean=-26.6132  pop_best=+28.1691
gen 297  best=+28.1691  mean=-47.6683  pop_best=+28.1691
gen 298  best=+28.1691  mean=-51.5111  pop_best=+28.1691
gen 299  best=+28.1691  mean=-36.4855  pop_best=+28.1691
gen 300  best=+28.1691  mean=-27.7378  pop_best=+28.1691
gen 301  best=+28.1691  mean=-49.0899  pop_best=+28.1691
gen 302  best=+28.1691  mean=-63.1181  pop_best=+28.1691
gen 303  best=+28.1691  mean=-32.6560  pop_best=+28.1691
gen 304  best=+28.1691  mean=-40.4411  pop_best=+28.1691
gen 305  best=+28.1691  mean=-30.6690  pop_best=+28.1691
gen 306  best=+28.1691  mean=-77.8911  pop_best=+28.1691
gen 307  best=+28.1691  mean=-36.4143  pop_best=+28.1691
gen 308  best=+28.1691  mean=-44.1371  pop_best=+28.1691
gen 309  best=+28.1691  mean=-36.8160  pop_best=+28.1691
gen 310  best=+28.1691  mean=-19.6823  pop_best=+28.1691
gen 311  best=+28.1691  mean=-31.9592  pop_best=+28.1691
gen 312  best=+42.2361  mean=-67.9272  pop_best=+42.2361  dist=+0.4287m phases=24/60 z=0.178
gen 313  best=+42.2361  mean=-43.4814  pop_best=+42.2361
gen 314  best=+42.2361  mean=-39.4446  pop_best=+42.2361
gen 315  best=+42.2361  mean=-57.1810  pop_best=+42.2361
gen 316  best=+42.2361  mean=-66.3072  pop_best=+42.2361
gen 317  best=+42.2361  mean=-53.8221  pop_best=+42.2361
gen 318  best=+42.2361  mean=-32.8054  pop_best=+42.2361
gen 319  best=+42.2361  mean=-16.2567  pop_best=+42.2361
gen 320  best=+42.2361  mean=-50.4805  pop_best=+42.2361
gen 321  best=+42.2361  mean=-38.4871  pop_best=+42.2361
gen 322  best=+42.2361  mean=-33.0339  pop_best=+42.2361
gen 323  best=+42.2361  mean=-19.5508  pop_best=+42.2361
gen 324  best=+42.2361  mean=-26.4243  pop_best=+42.2361
gen 325  best=+42.2361  mean=-38.8849  pop_best=+42.2361
gen 326  best=+42.2361  mean=-60.3511  pop_best=+42.2361
gen 327  best=+42.2361  mean=-36.2861  pop_best=+42.2361
gen 328  best=+42.2361  mean=-25.5739  pop_best=+42.2361
gen 329  best=+42.2361  mean=-53.2995  pop_best=+42.2361
gen 330  best=+42.2361  mean=-40.4576  pop_best=+42.2361
gen 331  best=+42.2361  mean=-32.6471  pop_best=+42.2361
gen 332  best=+42.2361  mean=-35.8036  pop_best=+42.2361
gen 333  best=+42.2361  mean=-26.0239  pop_best=+42.2361
gen 334  best=+42.2361  mean=-57.3770  pop_best=+42.2361
gen 335  best=+42.2361  mean=-41.0035  pop_best=+42.2361
gen 336  best=+42.2361  mean=-28.5714  pop_best=+42.2361
gen 337  best=+42.2361  mean=-18.1945  pop_best=+42.2361
gen 338  best=+42.2361  mean=-63.2156  pop_best=+42.2361
gen 339  best=+42.2361  mean=-34.4421  pop_best=+42.2361
gen 340  best=+42.2361  mean=-31.7045  pop_best=+42.2361
gen 341  best=+42.2361  mean=-18.7953  pop_best=+42.2361
gen 342  best=+42.2361  mean=-43.0138  pop_best=+42.2361
gen 343  best=+42.2361  mean=-35.6023  pop_best=+42.2361
gen 344  best=+42.2361  mean=-36.0449  pop_best=+42.2361
gen 345  best=+42.2361  mean=-41.1518  pop_best=+42.2361
gen 346  best=+42.2361  mean=-52.7571  pop_best=+42.2361
gen 347  best=+42.2361  mean=-52.7135  pop_best=+42.2361
gen 348  best=+42.2361  mean=-40.0366  pop_best=+42.2361
gen 349  best=+42.2361  mean=-32.4760  pop_best=+42.2361
gen 350  best=+42.2361  mean=-22.0281  pop_best=+42.2361
gen 351  best=+42.2361  mean=-26.6506  pop_best=+42.2361
gen 352  best=+42.2361  mean=-37.0154  pop_best=+42.2361
gen 353  best=+42.2361  mean=-42.8282  pop_best=+42.2361
gen 354  best=+42.2361  mean=-57.8077  pop_best=+42.2361
gen 355  best=+42.2361  mean=-41.8312  pop_best=+42.2361
gen 356  best=+42.2361  mean=-22.1340  pop_best=+42.2361
gen 357  best=+42.2361  mean=-32.5525  pop_best=+42.2361
gen 358  best=+42.2361  mean=-67.7457  pop_best=+42.2361
gen 359  best=+42.2361  mean=-42.8171  pop_best=+42.2361
gen 360  best=+42.2361  mean=-49.1142  pop_best=+42.2361
gen 361  best=+42.2361  mean=-36.8355  pop_best=+42.2361
gen 362  best=+42.2361  mean=-33.5133  pop_best=+42.2361
gen 363  best=+42.2361  mean=-36.3641  pop_best=+42.2361
gen 364  best=+42.2361  mean=-36.7245  pop_best=+42.2361
gen 365  best=+42.2361  mean=-27.7809  pop_best=+42.2361
gen 366  best=+42.2361  mean=-40.0002  pop_best=+42.2361
gen 367  best=+42.2361  mean=-37.6734  pop_best=+42.2361
gen 368  best=+42.2361  mean=-32.8874  pop_best=+42.2361
gen 369  best=+42.2361  mean=-23.0790  pop_best=+42.2361
gen 370  best=+42.2361  mean=-31.2686  pop_best=+42.2361
gen 371  best=+42.2361  mean=-18.9682  pop_best=+42.2361
gen 372  best=+42.2361  mean=-36.9549  pop_best=+42.2361
gen 373  best=+42.2361  mean=-42.3238  pop_best=+42.2361
gen 374  best=+42.2361  mean=-47.0254  pop_best=+42.2361
gen 375  best=+42.2361  mean=-68.3663  pop_best=+42.2361
gen 376  best=+42.2361  mean=-46.0569  pop_best=+42.2361
gen 377  best=+42.2361  mean=-22.7760  pop_best=+42.2361
gen 378  best=+42.2361  mean=-34.9124  pop_best=+42.2361
gen 379  best=+42.2361  mean=-58.4647  pop_best=+42.2361
gen 380  best=+42.2361  mean=-40.3917  pop_best=+42.2361
gen 381  best=+42.2361  mean=-25.1917  pop_best=+42.2361
gen 382  best=+42.2361  mean=-64.7943  pop_best=+42.2361
gen 383  best=+42.2361  mean=-43.9843  pop_best=+42.2361
gen 384  best=+42.2361  mean=-33.4513  pop_best=+42.2361
gen 385  best=+42.2361  mean=-24.5257  pop_best=+42.2361
gen 386  best=+42.2361  mean=-34.3355  pop_best=+42.2361
gen 387  best=+42.2361  mean=-46.7933  pop_best=+42.2361
gen 388  best=+42.2361  mean=-41.7607  pop_best=+42.2361
gen 389  best=+42.2361  mean=-42.7962  pop_best=+42.2361
gen 390  best=+42.2361  mean=-24.3260  pop_best=+42.2361
gen 391  best=+42.2361  mean=-34.2535  pop_best=+42.2361
gen 392  best=+42.2361  mean=-35.2633  pop_best=+42.2361
gen 393  best=+42.2361  mean=-32.8516  pop_best=+42.2361
gen 394  best=+42.2361  mean=-61.5869  pop_best=+42.2361
gen 395  best=+42.2361  mean=-32.1975  pop_best=+42.2361
gen 396  best=+42.2361  mean=-32.4804  pop_best=+42.2361
gen 397  best=+42.2361  mean=-57.5350  pop_best=+42.2361
gen 398  best=+42.2361  mean=-27.5581  pop_best=+42.2361
gen 399  best=+42.2361  mean=-54.4541  pop_best=+42.2361
gen 400  best=+42.2361  mean=-38.3488  pop_best=+42.2361
gen 401  best=+42.2361  mean=-43.8484  pop_best=+42.2361
gen 402  best=+42.2361  mean=-40.1696  pop_best=+42.2361
gen 403  best=+42.2361  mean=-34.3319  pop_best=+42.2361
gen 404  best=+42.2361  mean=-66.5993  pop_best=+42.2361
gen 405  best=+42.2361  mean=-41.2099  pop_best=+42.2361
gen 406  best=+42.2361  mean=-42.6883  pop_best=+42.2361
gen 407  best=+42.2361  mean=-46.3420  pop_best=+42.2361
gen 408  best=+42.2361  mean=-65.3167  pop_best=+42.2361
gen 409  best=+42.2361  mean=-31.9987  pop_best=+42.2361
gen 410  best=+42.2361  mean=-33.6849  pop_best=+42.2361
gen 411  best=+42.2361  mean=-53.7337  pop_best=+42.2361
gen 412  best=+42.2361  mean=-22.0495  pop_best=+42.2361
gen 413  best=+42.2361  mean=-39.8746  pop_best=+42.2361
gen 414  best=+42.2361  mean=-50.7648  pop_best=+42.2361
gen 415  best=+42.2361  mean=-35.4252  pop_best=+42.2361
gen 416  best=+42.2361  mean=-38.9696  pop_best=+42.2361
gen 417  best=+42.2361  mean=-39.1833  pop_best=+42.2361
gen 418  best=+42.2361  mean=-40.6269  pop_best=+42.2361
gen 419  best=+42.2361  mean=-46.2280  pop_best=+42.2361
gen 420  best=+42.2361  mean=-47.9668  pop_best=+42.2361
gen 421  best=+42.2361  mean=-38.8185  pop_best=+42.2361
gen 422  best=+42.2361  mean=-73.2111  pop_best=+42.2361
gen 423  best=+42.2361  mean=-52.1303  pop_best=+42.2361
gen 424  best=+42.2361  mean=-45.9590  pop_best=+42.2361
gen 425  best=+42.2361  mean=-72.2700  pop_best=+42.2361
gen 426  best=+42.2361  mean=-54.8705  pop_best=+42.2361
gen 427  best=+42.2361  mean=-40.7596  pop_best=+42.2361
gen 428  best=+42.2361  mean=-30.3538  pop_best=+42.2361
gen 429  best=+42.2361  mean=-37.9644  pop_best=+42.2361
gen 430  best=+42.2361  mean=-21.5832  pop_best=+42.2361
gen 431  best=+42.2361  mean=-52.3665  pop_best=+42.2361
gen 432  best=+42.2361  mean=-64.0308  pop_best=+42.2361
gen 433  best=+42.2361  mean=-19.3093  pop_best=+42.2361
gen 434  best=+42.2361  mean=-51.4304  pop_best=+42.2361
gen 435  best=+42.2361  mean=-46.6975  pop_best=+42.2361
gen 436  best=+42.2361  mean=-17.7933  pop_best=+42.2361
gen 437  best=+42.2361  mean=-64.5739  pop_best=+42.2361
gen 438  best=+42.2361  mean=-34.6565  pop_best=+42.2361
gen 439  best=+42.2361  mean=-33.9302  pop_best=+42.2361
gen 440  best=+42.2361  mean=-46.0567  pop_best=+42.2361
gen 441  best=+42.2361  mean=-27.4978  pop_best=+42.2361
gen 442  best=+42.2361  mean=-44.4464  pop_best=+42.2361
gen 443  best=+42.2361  mean=-31.3361  pop_best=+42.2361
gen 444  best=+42.2361  mean=-34.7402  pop_best=+42.2361
gen 445  best=+42.2361  mean=-30.7680  pop_best=+42.2361
gen 446  best=+42.2361  mean=-42.6733  pop_best=+42.2361
gen 447  best=+42.2361  mean=-56.8500  pop_best=+42.2361
gen 448  best=+42.2361  mean=-30.8123  pop_best=+42.2361
gen 449  best=+42.2361  mean=-35.0547  pop_best=+42.2361
gen 450  best=+42.2361  mean=-53.8848  pop_best=+42.2361
gen 451  best=+42.2361  mean=-27.6212  pop_best=+42.2361
gen 452  best=+42.2361  mean=-48.9426  pop_best=+42.2361
gen 453  best=+42.2361  mean=-36.2717  pop_best=+42.2361
gen 454  best=+42.2361  mean=-37.0896  pop_best=+42.2361
gen 455  best=+42.2361  mean=-52.0352  pop_best=+42.2361
gen 456  best=+42.2361  mean=-23.7943  pop_best=+42.2361
gen 457  best=+42.2361  mean=-39.7573  pop_best=+42.2361
gen 458  best=+42.2361  mean=-49.7029  pop_best=+42.2361
gen 459  best=+42.2361  mean=-27.0750  pop_best=+42.2361
gen 460  best=+42.2361  mean=-63.8574  pop_best=+42.2361
gen 461  best=+42.2361  mean=-22.6187  pop_best=+42.2361
gen 462  best=+42.2361  mean=-42.4308  pop_best=+42.2361
gen 463  best=+42.2361  mean=-44.9291  pop_best=+42.2361
gen 464  best=+42.2361  mean=-25.4854  pop_best=+42.2361
gen 465  best=+42.2361  mean=-48.9879  pop_best=+42.2361
gen 466  best=+42.2361  mean=-54.1760  pop_best=+42.2361
gen 467  best=+42.2361  mean=-36.6321  pop_best=+42.2361
gen 468  best=+42.2361  mean=-33.6982  pop_best=+42.2361
gen 469  best=+42.2361  mean=-39.2528  pop_best=+42.2361
gen 470  best=+42.2361  mean=-66.8683  pop_best=+42.2361
gen 471  best=+42.2361  mean=-19.2940  pop_best=+42.2361
gen 472  best=+42.2361  mean=-65.7785  pop_best=+42.2361
gen 473  best=+42.2361  mean=-33.3016  pop_best=+42.2361
gen 474  best=+42.2361  mean=-27.7444  pop_best=+42.2361
gen 475  best=+42.2361  mean=-53.6096  pop_best=+42.2361
gen 476  best=+42.2361  mean=-49.0806  pop_best=+42.2361
gen 477  best=+42.2361  mean=-40.3846  pop_best=+42.2361
gen 478  best=+42.2361  mean=-46.6664  pop_best=+42.2361
gen 479  best=+42.2361  mean=-49.2206  pop_best=+42.2361
gen 480  best=+42.2361  mean=-59.1339  pop_best=+42.2361
gen 481  best=+42.2361  mean=-33.0865  pop_best=+42.2361
gen 482  best=+42.2361  mean=-42.3345  pop_best=+42.2361
gen 483  best=+42.2361  mean=-26.7129  pop_best=+42.2361
gen 484  best=+42.2361  mean=-24.2812  pop_best=+42.2361
gen 485  best=+42.2361  mean=-32.2481  pop_best=+42.2361
gen 486  best=+42.2361  mean=-39.3404  pop_best=+42.2361
gen 487  best=+42.2361  mean=-35.4101  pop_best=+42.2361
gen 488  best=+42.2361  mean=-32.4945  pop_best=+42.2361
gen 489  best=+42.2361  mean=-29.4960  pop_best=+42.2361
gen 490  best=+42.2361  mean=-56.2782  pop_best=+42.2361
gen 491  best=+42.2361  mean=-25.5096  pop_best=+42.2361
gen 492  best=+42.2361  mean=-50.2586  pop_best=+42.2361
gen 493  best=+42.2361  mean=-25.1299  pop_best=+42.2361
gen 494  best=+42.2361  mean=-30.7377  pop_best=+42.2361
gen 495  best=+42.2361  mean=-33.9648  pop_best=+42.2361
gen 496  best=+42.2361  mean=-47.7139  pop_best=+42.2361
gen 497  best=+42.2361  mean=-26.4188  pop_best=+42.2361
gen 498  best=+42.2361  mean=-49.5693  pop_best=+42.2361
gen 499  best=+42.2361  mean=-45.1960  pop_best=+42.2361
gen 500  best=+42.2361  mean=-71.2722  pop_best=+42.2361
gen 501  best=+42.2361  mean=-31.5040  pop_best=+42.2361
gen 502  best=+42.2361  mean=-33.1623  pop_best=+42.2361
gen 503  best=+42.2361  mean=-48.7724  pop_best=+42.2361
gen 504  best=+42.2361  mean=-22.4333  pop_best=+42.2361
gen 505  best=+42.2361  mean=-43.8222  pop_best=+42.2361
gen 506  best=+42.2361  mean=-44.2519  pop_best=+42.2361
gen 507  best=+42.2361  mean=-69.5235  pop_best=+42.2361
gen 508  best=+42.2361  mean=-41.4017  pop_best=+42.2361
gen 509  best=+42.2361  mean=-35.7597  pop_best=+42.2361
gen 510  best=+42.2361  mean=-37.1279  pop_best=+42.2361
gen 511  best=+42.2361  mean=-49.7012  pop_best=+42.2361
gen 512  best=+42.2361  mean=-20.5285  pop_best=+42.2361
gen 513  best=+42.2361  mean=-41.5012  pop_best=+42.2361
gen 514  best=+42.2361  mean=-40.8449  pop_best=+42.2361
gen 515  best=+42.2361  mean=-39.6306  pop_best=+42.2361
gen 516  best=+42.2361  mean=-52.3525  pop_best=+42.2361
gen 517  best=+42.2361  mean=-41.0780  pop_best=+42.2361
gen 518  best=+42.2361  mean=-30.7217  pop_best=+42.2361
gen 519  best=+42.2361  mean=-32.6022  pop_best=+42.2361
gen 520  best=+42.2361  mean=-30.2796  pop_best=+42.2361
gen 521  best=+42.2361  mean=-53.8355  pop_best=+42.2361
gen 522  best=+42.2361  mean=-29.9703  pop_best=+42.2361
gen 523  best=+42.2361  mean=-40.8226  pop_best=+42.2361
gen 524  best=+42.2361  mean=-43.8988  pop_best=+42.2361
gen 525  best=+42.2361  mean=-26.8975  pop_best=+42.2361
gen 526  best=+42.2361  mean=-35.0375  pop_best=+42.2361
gen 527  best=+42.2361  mean=-39.6693  pop_best=+42.2361
gen 528  best=+42.2361  mean=-42.6065  pop_best=+42.2361
gen 529  best=+42.2361  mean=-47.7189  pop_best=+42.2361
gen 530  best=+42.2361  mean=-39.4043  pop_best=+42.2361
gen 531  best=+42.2361  mean=-42.9969  pop_best=+42.2361
gen 532  best=+42.2361  mean=-49.8023  pop_best=+42.2361
gen 533  best=+42.2361  mean=-49.8436  pop_best=+42.2361
gen 534  best=+42.2361  mean=-27.7524  pop_best=+42.2361
gen 535  best=+42.2361  mean=-31.3899  pop_best=+42.2361
gen 536  best=+42.2361  mean=-45.0359  pop_best=+42.2361
gen 537  best=+42.2361  mean=-57.4455  pop_best=+42.2361
gen 538  best=+42.2361  mean=-35.6455  pop_best=+42.2361
gen 539  best=+42.2361  mean=-46.1028  pop_best=+42.2361
gen 540  best=+42.2361  mean=-53.5867  pop_best=+42.2361
gen 541  best=+42.2361  mean=-29.2758  pop_best=+42.2361
gen 542  best=+42.2361  mean=-33.5654  pop_best=+42.2361
gen 543  best=+42.2361  mean=-17.6484  pop_best=+42.2361
gen 544  best=+42.2361  mean=-27.2801  pop_best=+42.2361
gen 545  best=+42.2361  mean=-39.9874  pop_best=+42.2361
gen 546  best=+42.2361  mean=-66.1193  pop_best=+42.2361
gen 547  best=+42.2361  mean=-31.2427  pop_best=+42.2361
gen 548  best=+42.2361  mean=-36.4520  pop_best=+42.2361
gen 549  best=+42.2361  mean=-32.8890  pop_best=+42.2361
gen 550  best=+42.2361  mean=-38.1868  pop_best=+42.2361
gen 551  best=+42.2361  mean=-38.1862  pop_best=+42.2361
gen 552  best=+42.2361  mean=-46.7591  pop_best=+42.2361
gen 553  best=+42.2361  mean=-28.5451  pop_best=+42.2361
gen 554  best=+42.2361  mean=-57.8345  pop_best=+42.2361
gen 555  best=+42.2361  mean=-54.1044  pop_best=+42.2361
gen 556  best=+42.2361  mean=-41.2872  pop_best=+42.2361
gen 557  best=+42.2361  mean=-54.7923  pop_best=+42.2361
gen 558  best=+42.2361  mean=-40.2540  pop_best=+42.2361
gen 559  best=+42.2361  mean=-43.3358  pop_best=+42.2361
gen 560  best=+42.2361  mean=-23.9199  pop_best=+42.2361
gen 561  best=+42.2361  mean=-56.9379  pop_best=+42.2361
gen 562  best=+42.2361  mean=-31.6502  pop_best=+42.2361
gen 563  best=+42.2361  mean=-51.4734  pop_best=+42.2361
gen 564  best=+42.2361  mean=-35.6497  pop_best=+42.2361
gen 565  best=+42.2361  mean=-34.8229  pop_best=+42.2361
gen 566  best=+42.2361  mean=-44.0581  pop_best=+42.2361
gen 567  best=+42.2361  mean=-32.0426  pop_best=+42.2361
gen 568  best=+42.2361  mean=-40.8052  pop_best=+42.2361
gen 569  best=+42.2361  mean=-33.6775  pop_best=+42.2361
gen 570  best=+42.2361  mean=-44.7510  pop_best=+42.2361
gen 571  best=+42.2361  mean=-39.4259  pop_best=+42.2361
gen 572  best=+42.2361  mean=-24.3536  pop_best=+42.2361
gen 573  best=+42.2361  mean=-26.9548  pop_best=+42.2361
gen 574  best=+42.2361  mean=-25.9897  pop_best=+42.2361
gen 575  best=+42.2361  mean=-47.2079  pop_best=+42.2361
gen 576  best=+42.2361  mean=-35.4319  pop_best=+42.2361
gen 577  best=+42.2361  mean=-42.5320  pop_best=+42.2361
gen 578  best=+42.2361  mean=-68.0774  pop_best=+42.2361
gen 579  best=+42.2361  mean=-33.6766  pop_best=+42.2361
gen 580  best=+42.2361  mean=-61.9692  pop_best=+42.2361
gen 581  best=+42.2361  mean=-51.2459  pop_best=+42.2361
gen 582  best=+42.2361  mean=-57.0780  pop_best=+42.2361
gen 583  best=+42.2361  mean=-62.5555  pop_best=+42.2361
gen 584  best=+42.2361  mean=-51.2935  pop_best=+42.2361
gen 585  best=+42.2361  mean=-41.4006  pop_best=+42.2361
gen 586  best=+42.2361  mean=-31.7933  pop_best=+42.2361
gen 587  best=+42.2361  mean=-64.3903  pop_best=+42.2361
gen 588  best=+42.2361  mean=-48.5025  pop_best=+42.2361
gen 589  best=+42.2361  mean=-60.8792  pop_best=+42.2361
gen 590  best=+42.2361  mean=-34.7623  pop_best=+42.2361
gen 591  best=+42.2361  mean=-36.4139  pop_best=+42.2361
gen 592  best=+42.2361  mean=-36.7049  pop_best=+42.2361
gen 593  best=+42.2361  mean=-46.4749  pop_best=+42.2361
gen 594  best=+42.2361  mean=-37.9691  pop_best=+42.2361
gen 595  best=+42.2361  mean=-25.6636  pop_best=+42.2361
gen 596  best=+42.2361  mean=-41.6064  pop_best=+42.2361
gen 597  best=+42.2361  mean=-48.0210  pop_best=+42.2361
gen 598  best=+42.2361  mean=-37.4373  pop_best=+42.2361
gen 599  best=+42.2361  mean=-39.6157  pop_best=+42.2361
gen 600  best=+42.2361  mean=-42.0316  pop_best=+42.2361
gen 601  best=+42.2361  mean=-33.9506  pop_best=+42.2361
gen 602  best=+42.2361  mean=-23.9347  pop_best=+42.2361
gen 603  best=+42.2361  mean=-38.1475  pop_best=+42.2361
gen 604  best=+42.2361  mean=-49.0069  pop_best=+42.2361
gen 605  best=+42.2361  mean=-32.2040  pop_best=+42.2361
gen 606  best=+42.2361  mean=-57.8326  pop_best=+42.2361
gen 607  best=+42.2361  mean=-39.4788  pop_best=+42.2361
gen 608  best=+42.2361  mean=-25.9498  pop_best=+42.2361
gen 609  best=+42.2361  mean=-37.6445  pop_best=+42.2361
gen 610  best=+42.2361  mean=-39.4729  pop_best=+42.2361
gen 611  best=+42.2361  mean=-37.8284  pop_best=+42.2361
gen 612  best=+42.2361  mean=-48.6555  pop_best=+42.2361
gen 613  best=+42.2361  mean=-74.0393  pop_best=+42.2361
gen 614  best=+42.2361  mean=-30.3434  pop_best=+42.2361
gen 615  best=+42.2361  mean=-33.7476  pop_best=+42.2361
gen 616  best=+42.2361  mean=-53.1736  pop_best=+42.2361
gen 617  best=+42.2361  mean=-44.7378  pop_best=+42.2361
gen 618  best=+42.2361  mean=-39.0740  pop_best=+42.2361
gen 619  best=+42.2361  mean=-55.9090  pop_best=+42.2361
gen 620  best=+42.2361  mean=-21.7732  pop_best=+42.2361
gen 621  best=+42.2361  mean=-49.5292  pop_best=+42.2361
gen 622  best=+42.2361  mean=-43.4807  pop_best=+42.2361
gen 623  best=+42.2361  mean=-54.0880  pop_best=+42.2361
gen 624  best=+42.2361  mean=-47.2374  pop_best=+42.2361
gen 625  best=+42.2361  mean=-39.6550  pop_best=+42.2361
gen 626  best=+42.2361  mean=-39.7350  pop_best=+42.2361
gen 627  best=+42.2361  mean=-49.9468  pop_best=+42.2361
gen 628  best=+42.2361  mean=-42.8134  pop_best=+42.2361
gen 629  best=+42.2361  mean=-45.9356  pop_best=+42.2361
gen 630  best=+42.2361  mean=-52.0581  pop_best=+42.2361
gen 631  best=+42.2361  mean=-35.1570  pop_best=+42.2361
gen 632  best=+42.2361  mean=-35.9406  pop_best=+42.2361
gen 633  best=+42.2361  mean=-41.2923  pop_best=+42.2361
gen 634  best=+42.2361  mean=-63.7255  pop_best=+42.2361
gen 635  best=+42.2361  mean=-37.4594  pop_best=+42.2361
gen 636  best=+42.2361  mean=-24.7573  pop_best=+42.2361
gen 637  best=+42.2361  mean=-37.4589  pop_best=+42.2361
gen 638  best=+42.2361  mean=-49.2843  pop_best=+42.2361
gen 639  best=+42.2361  mean=-64.7418  pop_best=+42.2361
gen 640  best=+42.2361  mean=-44.2587  pop_best=+42.2361
gen 641  best=+42.2361  mean=-21.6473  pop_best=+42.2361
gen 642  best=+42.2361  mean=-30.5597  pop_best=+42.2361
gen 643  best=+42.2361  mean=-39.1275  pop_best=+42.2361
gen 644  best=+42.2361  mean=-31.2552  pop_best=+42.2361
gen 645  best=+42.2361  mean=-34.0142  pop_best=+42.2361
gen 646  best=+42.2361  mean=-48.0765  pop_best=+42.2361
gen 647  best=+42.2361  mean=-25.9711  pop_best=+42.2361
gen 648  best=+42.2361  mean=-36.7036  pop_best=+42.2361
gen 649  best=+42.2361  mean=-60.4791  pop_best=+42.2361
gen 650  best=+42.2361  mean=-37.4112  pop_best=+42.2361
gen 651  best=+42.2361  mean=-29.6938  pop_best=+42.2361
gen 652  best=+42.2361  mean=-49.3494  pop_best=+42.2361
gen 653  best=+42.2361  mean=-42.5169  pop_best=+42.2361
gen 654  best=+42.2361  mean=-25.3128  pop_best=+42.2361
gen 655  best=+42.2361  mean=-43.5788  pop_best=+42.2361
gen 656  best=+42.2361  mean=-24.4022  pop_best=+42.2361
gen 657  best=+42.2361  mean=-41.3008  pop_best=+42.2361
gen 658  best=+42.2361  mean=-35.3581  pop_best=+42.2361
gen 659  best=+42.2361  mean=-44.1806  pop_best=+42.2361
gen 660  best=+42.2361  mean=-43.3345  pop_best=+42.2361
gen 661  best=+42.2361  mean=-34.5223  pop_best=+42.2361
gen 662  best=+42.2361  mean=-29.6222  pop_best=+42.2361
gen 663  best=+42.2361  mean=-27.1042  pop_best=+42.2361
gen 664  best=+42.2361  mean=-31.8706  pop_best=+42.2361
gen 665  best=+42.2361  mean=-49.5630  pop_best=+42.2361
gen 666  best=+42.2361  mean=-26.7600  pop_best=+42.2361
gen 667  best=+42.2361  mean=-36.7903  pop_best=+42.2361
gen 668  best=+42.2361  mean=-53.9862  pop_best=+42.2361
gen 669  best=+42.2361  mean=-26.9474  pop_best=+42.2361
gen 670  best=+42.2361  mean=-26.5060  pop_best=+42.2361
gen 671  best=+42.2361  mean=-35.2879  pop_best=+42.2361
gen 672  best=+42.2361  mean=-48.1879  pop_best=+42.2361
gen 673  best=+42.2361  mean=-65.5205  pop_best=+42.2361
gen 674  best=+42.2361  mean=-30.9769  pop_best=+42.2361
gen 675  best=+42.2361  mean=-40.3456  pop_best=+42.2361
gen 676  best=+42.2361  mean=-33.5022  pop_best=+42.2361
gen 677  best=+42.2361  mean=-49.2670  pop_best=+42.2361
gen 678  best=+42.2361  mean=-44.7554  pop_best=+42.2361
gen 679  best=+42.2361  mean=-40.2937  pop_best=+42.2361
gen 680  best=+42.2361  mean=-32.3369  pop_best=+42.2361
gen 681  best=+42.2361  mean=-35.5312  pop_best=+42.2361
gen 682  best=+42.2361  mean=-49.5910  pop_best=+42.2361
gen 683  best=+42.2361  mean=-35.1510  pop_best=+42.2361
gen 684  best=+42.2361  mean=-29.0570  pop_best=+42.2361
gen 685  best=+42.2361  mean=-86.4837  pop_best=+42.2361
gen 686  best=+42.2361  mean=-17.1559  pop_best=+42.2361
gen 687  best=+42.2361  mean=-41.6771  pop_best=+42.2361
gen 688  best=+42.2361  mean=-93.2265  pop_best=+42.2361
gen 689  best=+42.2361  mean=-59.8973  pop_best=+42.2361
gen 690  best=+42.2361  mean=-54.9447  pop_best=+42.2361
gen 691  best=+42.2361  mean=-24.2257  pop_best=+42.2361
gen 692  best=+42.2361  mean=-41.3447  pop_best=+42.2361
gen 693  best=+42.2361  mean=-51.1115  pop_best=+42.2361
gen 694  best=+42.2361  mean=-49.6538  pop_best=+42.2361
gen 695  best=+42.2361  mean=-19.3746  pop_best=+42.2361
gen 696  best=+42.2361  mean=-50.2613  pop_best=+42.2361
gen 697  best=+42.2361  mean=-35.5494  pop_best=+42.2361
gen 698  best=+42.2361  mean=-53.5857  pop_best=+42.2361
gen 699  best=+42.2361  mean=-52.9891  pop_best=+42.2361
gen 700  best=+42.2361  mean=-55.8492  pop_best=+42.2361
gen 701  best=+42.2361  mean=-32.7316  pop_best=+42.2361
gen 702  best=+42.2361  mean=-53.0868  pop_best=+42.2361
gen 703  best=+42.2361  mean=-47.1910  pop_best=+42.2361
gen 704  best=+42.2361  mean=-41.5966  pop_best=+42.2361
gen 705  best=+42.2361  mean=-63.2742  pop_best=+42.2361
gen 706  best=+42.2361  mean=-60.4403  pop_best=+42.2361
gen 707  best=+42.2361  mean=-27.3411  pop_best=+42.2361
gen 708  best=+42.2361  mean=-37.9077  pop_best=+42.2361
gen 709  best=+42.2361  mean=-29.7811  pop_best=+42.2361
gen 710  best=+42.2361  mean=-41.8167  pop_best=+42.2361
gen 711  best=+42.2361  mean=-48.1270  pop_best=+42.2361
gen 712  best=+42.2361  mean=-39.4821  pop_best=+42.2361
gen 713  best=+42.2361  mean=-42.4873  pop_best=+42.2361
gen 714  best=+42.2361  mean=-76.3791  pop_best=+42.2361
gen 715  best=+42.2361  mean=-51.7827  pop_best=+42.2361
gen 716  best=+42.2361  mean=-24.9023  pop_best=+42.2361
gen 717  best=+42.2361  mean=-30.8647  pop_best=+42.2361
gen 718  best=+42.2361  mean=-34.5796  pop_best=+42.2361
gen 719  best=+42.2361  mean=-62.1613  pop_best=+42.2361
gen 720  best=+42.2361  mean=-28.8213  pop_best=+42.2361
gen 721  best=+42.2361  mean=-20.6635  pop_best=+42.2361
gen 722  best=+42.2361  mean=-40.6401  pop_best=+42.2361
gen 723  best=+42.2361  mean=-18.3207  pop_best=+42.2361
gen 724  best=+42.2361  mean=-60.3648  pop_best=+42.2361
gen 725  best=+42.2361  mean=-38.8416  pop_best=+42.2361
gen 726  best=+42.2361  mean=-20.6718  pop_best=+42.2361
gen 727  best=+42.2361  mean=-27.3569  pop_best=+42.2361
gen 728  best=+42.2361  mean=-49.4026  pop_best=+42.2361
gen 729  best=+42.2361  mean=-34.4960  pop_best=+42.2361
gen 730  best=+42.2361  mean=-54.5918  pop_best=+42.2361
gen 731  best=+42.2361  mean=-39.2897  pop_best=+42.2361
gen 732  best=+42.2361  mean=-47.9696  pop_best=+42.2361
gen 733  best=+42.2361  mean=-45.1440  pop_best=+42.2361
gen 734  best=+42.2361  mean=-42.5915  pop_best=+42.2361
gen 735  best=+42.2361  mean=-30.9239  pop_best=+42.2361
gen 736  best=+42.2361  mean=-43.3574  pop_best=+42.2361
gen 737  best=+42.2361  mean=-51.8842  pop_best=+42.2361
gen 738  best=+42.2361  mean=-48.2928  pop_best=+42.2361
gen 739  best=+42.2361  mean=-29.7027  pop_best=+42.2361
gen 740  best=+42.2361  mean=-45.2661  pop_best=+42.2361
gen 741  best=+42.2361  mean=-63.8058  pop_best=+42.2361
gen 742  best=+42.2361  mean=-40.0073  pop_best=+42.2361
gen 743  best=+42.2361  mean=-54.2272  pop_best=+42.2361
gen 744  best=+42.2361  mean=-32.8274  pop_best=+42.2361
gen 745  best=+42.2361  mean=-35.7098  pop_best=+42.2361
gen 746  best=+42.2361  mean=-48.5642  pop_best=+42.2361
gen 747  best=+42.2361  mean=-28.5070  pop_best=+42.2361
gen 748  best=+42.2361  mean=-24.8215  pop_best=+42.2361
gen 749  best=+42.2361  mean=-32.9499  pop_best=+42.2361
gen 750  best=+42.2361  mean=-45.6940  pop_best=+42.2361
gen 751  best=+42.2361  mean=-25.3945  pop_best=+42.2361
gen 752  best=+42.2361  mean=-50.0634  pop_best=+42.2361
gen 753  best=+42.2361  mean=-38.7778  pop_best=+42.2361
gen 754  best=+42.2361  mean=-34.4275  pop_best=+42.2361
gen 755  best=+42.2361  mean=-32.7292  pop_best=+42.2361
gen 756  best=+42.2361  mean=-27.9563  pop_best=+42.2361
gen 757  best=+42.2361  mean=-26.9674  pop_best=+42.2361
gen 758  best=+42.2361  mean=-53.8876  pop_best=+42.2361
gen 759  best=+42.2361  mean=-48.3462  pop_best=+42.2361
gen 760  best=+42.2361  mean=-53.7332  pop_best=+42.2361
gen 761  best=+42.2361  mean=-34.5324  pop_best=+42.2361
gen 762  best=+42.2361  mean=-38.0482  pop_best=+42.2361
gen 763  best=+42.2361  mean=-33.7037  pop_best=+42.2361
gen 764  best=+42.2361  mean=-47.8056  pop_best=+42.2361
gen 765  best=+42.2361  mean=-52.3786  pop_best=+42.2361
gen 766  best=+42.2361  mean=-47.4594  pop_best=+42.2361
gen 767  best=+42.2361  mean=-41.1455  pop_best=+42.2361
gen 768  best=+42.2361  mean=-42.7857  pop_best=+42.2361
gen 769  best=+42.2361  mean=-41.1940  pop_best=+42.2361
gen 770  best=+42.2361  mean=-40.2167  pop_best=+42.2361
gen 771  best=+42.2361  mean=-66.0355  pop_best=+42.2361
gen 772  best=+42.2361  mean=-27.9973  pop_best=+42.2361
gen 773  best=+42.2361  mean=-49.0524  pop_best=+42.2361
gen 774  best=+42.2361  mean=-29.7337  pop_best=+42.2361
gen 775  best=+42.2361  mean=-38.5151  pop_best=+42.2361
gen 776  best=+42.2361  mean=-23.6615  pop_best=+42.2361
gen 777  best=+42.2361  mean=-43.5657  pop_best=+42.2361
gen 778  best=+42.2361  mean=-38.3695  pop_best=+42.2361
gen 779  best=+42.2361  mean=-55.4190  pop_best=+42.2361
gen 780  best=+42.2361  mean=-67.2022  pop_best=+42.2361
gen 781  best=+42.2361  mean=-39.5401  pop_best=+42.2361
gen 782  best=+42.2361  mean=-50.9778  pop_best=+42.2361
gen 783  best=+42.2361  mean=-56.1360  pop_best=+42.2361
gen 784  best=+42.2361  mean=-49.0039  pop_best=+42.2361
gen 785  best=+42.2361  mean=-32.3171  pop_best=+42.2361
gen 786  best=+42.2361  mean=-31.8014  pop_best=+42.2361
gen 787  best=+42.2361  mean=-24.9225  pop_best=+42.2361
gen 788  best=+42.2361  mean=-39.0692  pop_best=+42.2361
gen 789  best=+42.2361  mean=-57.1735  pop_best=+42.2361
gen 790  best=+42.2361  mean=-34.6642  pop_best=+42.2361
gen 791  best=+42.2361  mean=-36.9572  pop_best=+42.2361
gen 792  best=+42.2361  mean=-42.1665  pop_best=+42.2361
gen 793  best=+42.2361  mean=-40.8795  pop_best=+42.2361
gen 794  best=+42.2361  mean=-46.6631  pop_best=+42.2361
gen 795  best=+42.2361  mean=-48.5067  pop_best=+42.2361
gen 796  best=+42.2361  mean=-53.6308  pop_best=+42.2361
gen 797  best=+42.2361  mean=-53.5832  pop_best=+42.2361
gen 798  best=+42.2361  mean=-45.9884  pop_best=+42.2361
gen 799  best=+42.2361  mean=-43.1833  pop_best=+42.2361
gen 800  best=+60.8928  mean=-44.2758  pop_best=+60.8928  dist=+0.4417m phases=60/60 z=0.178
gen 801  best=+60.8928  mean=-66.4698  pop_best=+60.8928
gen 802  best=+60.8928  mean=-51.3875  pop_best=+60.8928
gen 803  best=+60.8928  mean=-30.7377  pop_best=+60.8928
gen 804  best=+60.8928  mean=-35.4993  pop_best=+60.8928
gen 805  best=+60.8928  mean=-48.0905  pop_best=+60.8928
gen 806  best=+60.8928  mean=-49.7124  pop_best=+60.8928
gen 807  best=+60.8928  mean=-47.1815  pop_best=+60.8928
gen 808  best=+60.8928  mean=-26.0358  pop_best=+60.8928
gen 809  best=+60.8928  mean=-41.1586  pop_best=+60.8928
gen 810  best=+60.8928  mean=-55.4535  pop_best=+60.8928
gen 811  best=+60.8928  mean=-32.1305  pop_best=+60.8928
gen 812  best=+60.8928  mean=-26.2434  pop_best=+60.8928
gen 813  best=+60.8928  mean=-46.2279  pop_best=+60.8928
gen 814  best=+60.8928  mean=-43.3320  pop_best=+60.8928
gen 815  best=+60.8928  mean=-22.7288  pop_best=+60.8928
gen 816  best=+60.8928  mean=-39.3609  pop_best=+60.8928
gen 817  best=+60.8928  mean=-68.7769  pop_best=+60.8928
gen 818  best=+60.8928  mean=-33.5053  pop_best=+60.8928
gen 819  best=+60.8928  mean=-33.3566  pop_best=+60.8928
gen 820  best=+60.8928  mean=-36.5658  pop_best=+60.8928
gen 821  best=+60.8928  mean=-27.4532  pop_best=+60.8928
gen 822  best=+60.8928  mean=-41.6360  pop_best=+60.8928
gen 823  best=+60.8928  mean=-18.9067  pop_best=+60.8928
gen 824  best=+60.8928  mean=-41.4753  pop_best=+60.8928
gen 825  best=+60.8928  mean=-67.7037  pop_best=+60.8928
gen 826  best=+60.8928  mean=-47.9807  pop_best=+60.8928
gen 827  best=+60.8928  mean=-50.9082  pop_best=+60.8928
gen 828  best=+60.8928  mean=-33.2455  pop_best=+60.8928
gen 829  best=+60.8928  mean=-34.3182  pop_best=+60.8928
gen 830  best=+60.8928  mean=-30.4175  pop_best=+60.8928
gen 831  best=+60.8928  mean=-51.2820  pop_best=+60.8928
gen 832  best=+60.8928  mean=-51.8947  pop_best=+60.8928
gen 833  best=+60.8928  mean=-58.7916  pop_best=+60.8928
gen 834  best=+60.8928  mean=-76.3414  pop_best=+60.8928
gen 835  best=+60.8928  mean=-17.4985  pop_best=+60.8928
gen 836  best=+60.8928  mean=-47.5390  pop_best=+60.8928
gen 837  best=+60.8928  mean=-53.5675  pop_best=+60.8928
gen 838  best=+60.8928  mean=-26.0647  pop_best=+60.8928
gen 839  best=+60.8928  mean=-40.1162  pop_best=+60.8928
gen 840  best=+60.8928  mean=-45.9095  pop_best=+60.8928
gen 841  best=+60.8928  mean=-61.1222  pop_best=+60.8928
gen 842  best=+60.8928  mean=-47.3830  pop_best=+60.8928
gen 843  best=+60.8928  mean=-49.2166  pop_best=+60.8928
gen 844  best=+60.8928  mean=-36.6523  pop_best=+60.8928
gen 845  best=+60.8928  mean=-28.4171  pop_best=+60.8928
gen 846  best=+60.8928  mean=-27.6769  pop_best=+60.8928
gen 847  best=+60.8928  mean=-22.3746  pop_best=+60.8928
gen 848  best=+60.8928  mean=-51.1048  pop_best=+60.8928
gen 849  best=+60.8928  mean=-43.5287  pop_best=+60.8928
gen 850  best=+60.8928  mean=-72.3154  pop_best=+60.8928
gen 851  best=+60.8928  mean=-43.3978  pop_best=+60.8928
gen 852  best=+60.8928  mean=-38.7423  pop_best=+60.8928
gen 853  best=+60.8928  mean=-33.9023  pop_best=+60.8928
gen 854  best=+60.8928  mean=-27.4754  pop_best=+60.8928
gen 855  best=+60.8928  mean=-38.0192  pop_best=+60.8928
gen 856  best=+60.8928  mean=-46.0562  pop_best=+60.8928
gen 857  best=+60.8928  mean=-35.9010  pop_best=+60.8928
gen 858  best=+60.8928  mean=-35.9864  pop_best=+60.8928
gen 859  best=+60.8928  mean=-19.7658  pop_best=+60.8928
gen 860  best=+60.8928  mean=-52.3403  pop_best=+60.8928
gen 861  best=+60.8928  mean=-57.1763  pop_best=+60.8928
gen 862  best=+60.8928  mean=-48.0720  pop_best=+60.8928
gen 863  best=+60.8928  mean=-40.1027  pop_best=+60.8928
gen 864  best=+60.8928  mean=-62.9189  pop_best=+60.8928
gen 865  best=+60.8928  mean=-32.0653  pop_best=+60.8928
gen 866  best=+60.8928  mean=-45.9158  pop_best=+60.8928
gen 867  best=+60.8928  mean=-48.7673  pop_best=+60.8928
gen 868  best=+60.8928  mean=-33.9850  pop_best=+60.8928
gen 869  best=+60.8928  mean=-43.9860  pop_best=+60.8928
gen 870  best=+60.8928  mean=-36.8199  pop_best=+60.8928
gen 871  best=+60.8928  mean=-55.8101  pop_best=+60.8928
gen 872  best=+60.8928  mean=-65.8026  pop_best=+60.8928
gen 873  best=+60.8928  mean=-33.9577  pop_best=+60.8928
gen 874  best=+60.8928  mean=-52.4834  pop_best=+60.8928
gen 875  best=+60.8928  mean=-28.7837  pop_best=+60.8928
gen 876  best=+60.8928  mean=-46.8968  pop_best=+60.8928
gen 877  best=+60.8928  mean=-27.5225  pop_best=+60.8928
gen 878  best=+60.8928  mean=-44.5637  pop_best=+60.8928
gen 879  best=+60.8928  mean=-46.3766  pop_best=+60.8928
gen 880  best=+60.8928  mean=-37.9531  pop_best=+60.8928
gen 881  best=+60.8928  mean=-43.2126  pop_best=+60.8928
gen 882  best=+60.8928  mean=-24.6095  pop_best=+60.8928
gen 883  best=+60.8928  mean=-44.1330  pop_best=+60.8928
gen 884  best=+60.8928  mean=-52.9066  pop_best=+60.8928
gen 885  best=+60.8928  mean=-32.2768  pop_best=+60.8928
gen 886  best=+60.8928  mean=-37.4660  pop_best=+60.8928
gen 887  best=+60.8928  mean=-22.6880  pop_best=+60.8928
gen 888  best=+60.8928  mean=-36.7994  pop_best=+60.8928
gen 889  best=+60.8928  mean=-33.1644  pop_best=+60.8928
gen 890  best=+60.8928  mean=-40.2984  pop_best=+60.8928
gen 891  best=+60.8928  mean=-43.3755  pop_best=+60.8928
gen 892  best=+60.8928  mean=-32.0929  pop_best=+60.8928
gen 893  best=+60.8928  mean=-53.5940  pop_best=+60.8928
gen 894  best=+60.8928  mean=-33.2935  pop_best=+60.8928
gen 895  best=+60.8928  mean=-46.8856  pop_best=+60.8928
gen 896  best=+60.8928  mean=-44.2566  pop_best=+60.8928
gen 897  best=+60.8928  mean=-39.6369  pop_best=+60.8928
gen 898  best=+60.8928  mean=-33.6699  pop_best=+60.8928
gen 899  best=+60.8928  mean=-40.3443  pop_best=+60.8928
gen 900  best=+60.8928  mean=-29.7366  pop_best=+60.8928
gen 901  best=+60.8928  mean=-38.8856  pop_best=+60.8928
gen 902  best=+60.8928  mean=-51.4904  pop_best=+60.8928
gen 903  best=+60.8928  mean=-48.7751  pop_best=+60.8928
gen 904  best=+60.8928  mean=-72.3439  pop_best=+60.8928
gen 905  best=+60.8928  mean=-62.6736  pop_best=+60.8928
gen 906  best=+60.8928  mean=-43.3654  pop_best=+60.8928
gen 907  best=+60.8928  mean=-32.2641  pop_best=+60.8928
gen 908  best=+60.8928  mean=-39.0297  pop_best=+60.8928
gen 909  best=+60.8928  mean=-30.6865  pop_best=+60.8928
gen 910  best=+60.8928  mean=-36.7316  pop_best=+60.8928
gen 911  best=+60.8928  mean=-38.8635  pop_best=+60.8928
gen 912  best=+60.8928  mean=-44.9265  pop_best=+60.8928
gen 913  best=+60.8928  mean=-48.3980  pop_best=+60.8928
gen 914  best=+60.8928  mean=-51.8383  pop_best=+60.8928
gen 915  best=+60.8928  mean=-50.0056  pop_best=+60.8928
gen 916  best=+60.8928  mean=-51.6048  pop_best=+60.8928
gen 917  best=+60.8928  mean=-20.9269  pop_best=+60.8928
gen 918  best=+60.8928  mean=-22.7613  pop_best=+60.8928
gen 919  best=+60.8928  mean=-30.0301  pop_best=+60.8928
gen 920  best=+60.8928  mean=-54.4333  pop_best=+60.8928
gen 921  best=+60.8928  mean=-59.1347  pop_best=+60.8928
gen 922  best=+60.8928  mean=-39.9648  pop_best=+60.8928
gen 923  best=+60.8928  mean=-46.1465  pop_best=+60.8928
gen 924  best=+60.8928  mean=-63.7322  pop_best=+60.8928
gen 925  best=+60.8928  mean=-30.7574  pop_best=+60.8928
gen 926  best=+60.8928  mean=-50.9882  pop_best=+60.8928
gen 927  best=+60.8928  mean=-18.8569  pop_best=+60.8928
gen 928  best=+60.8928  mean=-54.9292  pop_best=+60.8928
gen 929  best=+60.8928  mean=-40.8654  pop_best=+60.8928
gen 930  best=+60.8928  mean=-41.3080  pop_best=+60.8928
gen 931  best=+60.8928  mean=-35.1434  pop_best=+60.8928
gen 932  best=+60.8928  mean=-42.2316  pop_best=+60.8928
gen 933  best=+60.8928  mean=-68.4977  pop_best=+60.8928
gen 934  best=+60.8928  mean=-38.8718  pop_best=+60.8928
gen 935  best=+60.8928  mean=-35.4087  pop_best=+60.8928
gen 936  best=+60.8928  mean=-42.7755  pop_best=+60.8928
gen 937  best=+60.8928  mean=-38.9740  pop_best=+60.8928
gen 938  best=+60.8928  mean=-43.0108  pop_best=+60.8928
gen 939  best=+60.8928  mean=-42.6713  pop_best=+60.8928
gen 940  best=+60.8928  mean=-53.7502  pop_best=+60.8928
gen 941  best=+60.8928  mean=-73.8601  pop_best=+60.8928
gen 942  best=+60.8928  mean=-51.4337  pop_best=+60.8928
gen 943  best=+60.8928  mean=-36.6269  pop_best=+60.8928
gen 944  best=+60.8928  mean=-31.4295  pop_best=+60.8928
gen 945  best=+60.8928  mean=-32.9184  pop_best=+60.8928
gen 946  best=+60.8928  mean=-24.2436  pop_best=+60.8928
gen 947  best=+60.8928  mean=-35.1588  pop_best=+60.8928
gen 948  best=+60.8928  mean=-42.4645  pop_best=+60.8928
gen 949  best=+60.8928  mean=-36.2221  pop_best=+60.8928
gen 950  best=+60.8928  mean=-47.2598  pop_best=+60.8928
gen 951  best=+60.8928  mean=-46.0216  pop_best=+60.8928
gen 952  best=+60.8928  mean=-56.2207  pop_best=+60.8928
gen 953  best=+60.8928  mean=-50.3212  pop_best=+60.8928
gen 954  best=+60.8928  mean=-48.6058  pop_best=+60.8928
gen 955  best=+60.8928  mean=-48.7745  pop_best=+60.8928
gen 956  best=+60.8928  mean=-38.0462  pop_best=+60.8928
gen 957  best=+60.8928  mean=-45.6891  pop_best=+60.8928
gen 958  best=+60.8928  mean=-24.8551  pop_best=+60.8928
gen 959  best=+60.8928  mean=-58.6424  pop_best=+60.8928
gen 960  best=+60.8928  mean=-29.0638  pop_best=+60.8928
gen 961  best=+60.8928  mean=-39.2903  pop_best=+60.8928
gen 962  best=+60.8928  mean=-38.8505  pop_best=+60.8928
gen 963  best=+60.8928  mean=-32.9246  pop_best=+60.8928
gen 964  best=+60.8928  mean=-34.7398  pop_best=+60.8928
gen 965  best=+60.8928  mean=-36.3704  pop_best=+60.8928
gen 966  best=+60.8928  mean=-48.3701  pop_best=+60.8928
gen 967  best=+60.8928  mean=-52.1356  pop_best=+60.8928
gen 968  best=+60.8928  mean=-31.7387  pop_best=+60.8928
gen 969  best=+60.8928  mean=-32.1874  pop_best=+60.8928
gen 970  best=+60.8928  mean=-33.6672  pop_best=+60.8928
gen 971  best=+60.8928  mean=-26.9995  pop_best=+60.8928
gen 972  best=+60.8928  mean=-31.7780  pop_best=+60.8928
gen 973  best=+60.8928  mean=-33.6781  pop_best=+60.8928
gen 974  best=+60.8928  mean=-27.3996  pop_best=+60.8928
gen 975  best=+60.8928  mean=-28.2650  pop_best=+60.8928
gen 976  best=+60.8928  mean=-17.1259  pop_best=+60.8928
gen 977  best=+60.8928  mean=-33.5171  pop_best=+60.8928
gen 978  best=+60.8928  mean=-21.4168  pop_best=+60.8928
gen 979  best=+60.8928  mean=-40.8541  pop_best=+60.8928
gen 980  best=+60.8928  mean=-40.5289  pop_best=+60.8928
gen 981  best=+60.8928  mean=-33.6496  pop_best=+60.8928
gen 982  best=+60.8928  mean=-29.8191  pop_best=+60.8928
gen 983  best=+60.8928  mean=-39.4373  pop_best=+60.8928
gen 984  best=+60.8928  mean=-26.2970  pop_best=+60.8928
gen 985  best=+60.8928  mean=-30.0309  pop_best=+60.8928
gen 986  best=+60.8928  mean=-50.8377  pop_best=+60.8928
gen 987  best=+60.8928  mean=-31.0165  pop_best=+60.8928
gen 988  best=+60.8928  mean=-42.0854  pop_best=+60.8928
gen 989  best=+60.8928  mean=-27.0446  pop_best=+60.8928
gen 990  best=+60.8928  mean=-24.0666  pop_best=+60.8928
gen 991  best=+60.8928  mean=-51.6877  pop_best=+60.8928
gen 992  best=+60.8928  mean=-35.0328  pop_best=+60.8928
gen 993  best=+60.8928  mean=-40.2835  pop_best=+60.8928
gen 994  best=+60.8928  mean=-47.4694  pop_best=+60.8928
gen 995  best=+60.8928  mean=-50.9413  pop_best=+60.8928
gen 996  best=+60.8928  mean=-55.0391  pop_best=+60.8928
gen 997  best=+60.8928  mean=-30.9679  pop_best=+60.8928
gen 998  best=+60.8928  mean=-30.1209  pop_best=+60.8928
gen 999  best=+60.8928  mean=-38.2014  pop_best=+60.8928
gen 1000  best=+60.8928  mean=-34.4618  pop_best=+60.8928

Done. best reward 60.8928  (0 restarts)
  phase_time=0.15s
  start         FL(+12.5, -67.2)  FR(+24.1, -70.4)  RL(+51.8, -52.4)  RR(+43.0, -30.2)
  shift_FR      FL(+28.3, -58.5)  FR(+21.9, -70.7)  RL( +7.3, -99.7)  RR(+11.1, -51.2)
  swing_FR      FL(+38.2, -35.8)  FR( +6.8, -68.5)  RL(+48.9, -57.0)  RR(+45.8, -25.3)
  plant_FR      FL(+13.5, -76.6)  FR(+10.1, -68.0)  RL(+27.2, -43.9)  RR(+16.6, -65.1)
  shift_RL      FL(+45.3, -94.7)  FR(+23.5, -84.1)  RL(+46.1, -27.2)  RR(+28.5, -50.7)
  swing_RL      FL(+33.7, -84.7)  FR(+14.7, -90.1)  RL(+29.4, -88.9)  RR(+47.0, -25.8)
  plant_RL      FL(+54.4, -72.0)  FR(+11.7, -64.1)  RL(+31.0, -29.2)  RR(+20.5, -39.5)
  shift_FL      FL(+54.4, -98.4)  FR(+32.1, -75.8)  RL(+31.8, -30.8)  RR(+24.5, -61.5)
  swing_FL      FL(+47.5, -56.1)  FR( +8.5, -97.2)  RL(+37.0, -62.6)  RR(+49.7, -63.9)
  plant_FL      FL( +7.0, -90.2)  FR(+17.5, -35.3)  RL(+36.4, -96.3)  RR(+40.6, -72.0)
  shift_RR      FL(+47.0, -79.4)  FR(+32.9, -81.6)  RL(+17.9, -38.8)  RR(+48.9, -73.4)
  swing_RR      FL(+36.9, -89.4)  FR(+28.9, -71.1)  RL( +6.9, -49.2)  RR(+26.1, -25.3)
  plant_RR      FL(+32.1, -85.1)  FR(+14.2, -80.2)  RL(+42.5, -68.7)  RR(+39.1, -55.1)
Saved to best_gait_rand_random.json

=== Moving results to /cluster/home/dparri03/robotics/LBS-1a/sim/results/20260422_005700/random_random_1000 ===
copied 'best_gait_rand_random.json' -> '/cluster/home/dparri03/robotics/LBS-1a/sim/results/20260422_005700/random_random_1000/best_gait_rand_random.json'
removed 'best_gait_rand_random.json'
copied 'tune_gait_rand_random.jsonl' -> '/cluster/home/dparri03/robotics/LBS-1a/sim/results/20260422_005700/random_random_1000/tune_gait_rand_random.jsonl'
removed 'tune_gait_rand_random.jsonl'

=== Done at Wed Apr 22 06:09:39 EDT 2026 ===
