ep  0: len=2000  rew=+85049.4  x=+69.13m  [ok]
ep  1: len=2000  rew=+53802.8  x=+50.74m  [ok]
ep  2: len=2000  rew=+76887.6  x=+64.64m  [ok]
ep  3: len=2000  rew=+61792.6  x=+55.30m  [ok]
ep  4: len=1602  rew=+72430.4  x=+57.51m  [FELL]
ep  5: len=2000  rew=+88178.5  x=+70.91m  [ok]
ep  6: len=1375  rew=+33427.5  x=+31.66m  [FELL]
ep  7: len=1938  rew=+85404.2  x=+68.63m  [FELL]
ep  8: len=2000  rew=+77204.0  x=+64.37m  [ok]
ep  9: len=2000  rew=+75102.3  x=+63.51m  [ok]
ep 10: len=2000  rew=+87865.7  x=+70.60m  [ok]
ep 11: len=2000  rew=+73587.5  x=+62.98m  [ok]
ep 12: len= 862  rew=+30419.7  x=+26.12m  [FELL]
ep 13: len=2000  rew=+86677.5  x=+70.13m  [ok]
ep 14: len= 574  rew=+24244.7  x=+19.57m  [FELL]
ep 15: len=2000  rew=+80863.5  x=+66.62m  [ok]
ep 16: len=2000  rew=+67289.4  x=+57.94m  [ok]
ep 17: len= 666  rew=+14173.8  x=+13.12m  [FELL]
ep 18: len= 261  rew= +9419.8  x=+7.96m  [FELL]
ep 19: len=2000  rew=+69604.0  x=+60.07m  [ok]
ep 20: len=2000  rew=+75253.8  x=+63.22m  [ok]
ep 21: len=2000  rew=+83340.6  x=+68.36m  [ok]
ep 22: len=2000  rew=+82319.8  x=+67.70m  [ok]
ep 23: len=2000  rew=+88860.6  x=+71.10m  [ok]
ep 24: len=2000  rew=+79306.1  x=+66.01m  [ok]
ep 25: len=2000  rew=+85547.2  x=+69.48m  [ok]
ep 26: len=2000  rew=+80693.5  x=+66.69m  [ok]
ep 27: len=1108  rew=+45710.6  x=+37.52m  [FELL]
ep 28: len=2000  rew=+81630.8  x=+67.26m  [ok]
ep 29: len=2000  rew=+78742.9  x=+65.61m  [ok]

Across 30 episodes (stochastic):
  len   min/mean/max: 261 / 1746 / 2000
  rew   min/mean/max: +9420 / +67828 / +88861
  dist  min/mean/max: +7.96 / +56.48 / +71.10 m
  survived full episode: 22/30
