ep  0: len=2000  rew=+71016.4  x=+62.76m  [ok]
ep  1: len=1655  rew=+59263.2  x=+52.36m  [FELL]
ep  2: len=2000  rew=+69963.9  x=+62.08m  [ok]
ep  3: len=2000  rew=+67145.1  x=+60.72m  [ok]
ep  4: len=2000  rew=+70600.7  x=+62.72m  [ok]
ep  5: len=2000  rew=+76326.0  x=+66.01m  [ok]
ep  6: len=2000  rew=+69959.3  x=+62.08m  [ok]
ep  7: len=2000  rew=+74632.4  x=+65.02m  [ok]
ep  8: len=2000  rew=+67030.4  x=+60.69m  [ok]
ep  9: len=2000  rew=+68417.0  x=+61.45m  [ok]
ep 10: len=2000  rew=+74160.8  x=+64.46m  [ok]
ep 11: len=2000  rew=+72485.0  x=+63.64m  [ok]
ep 12: len=2000  rew=+73652.2  x=+64.52m  [ok]
ep 13: len= 574  rew=+19639.7  x=+17.38m  [FELL]
ep 14: len=2000  rew=+71589.2  x=+63.44m  [ok]
ep 15: len=2000  rew=+65104.6  x=+57.62m  [ok]
ep 16: len=2000  rew=+51667.6  x=+50.81m  [ok]
ep 17: len=2000  rew=+66049.7  x=+60.02m  [ok]
ep 18: len=2000  rew=+73431.2  x=+64.10m  [ok]
ep 19: len= 331  rew=+10637.8  x=+9.52m  [FELL]
ep 20: len=2000  rew=+34775.3  x=+35.21m  [ok]
ep 21: len=2000  rew=+67595.7  x=+60.74m  [ok]
ep 22: len=2000  rew=+56395.9  x=+53.10m  [ok]
ep 23: len=1863  rew= +8933.1  x=+11.26m  [FELL]
ep 24: len=2000  rew=+74459.4  x=+64.84m  [ok]
ep 25: len=2000  rew=+64569.9  x=+59.15m  [ok]
ep 26: len=  66  rew=  +606.6  x=+0.78m  [FELL]
ep 27: len= 395  rew=+13802.9  x=+12.10m  [FELL]
ep 28: len=2000  rew=+65327.7  x=+59.59m  [ok]
ep 29: len=1435  rew=+26892.6  x=+26.28m  [FELL]

Across 30 episodes (stochastic):
  len   min/mean/max: 66 / 1744 / 2000
  rew   min/mean/max: +607 / +56204 / +76326
  dist  min/mean/max: +0.78 / +50.48 / +66.01 m
  survived full episode: 23/30
