ep  0: len=2000  rew=+73261.3  x=+64.19m  [ok]
ep  1: len=1011  rew=+22718.0  x=+22.00m  [FELL]
ep  2: len=2000  rew=+62801.9  x=+57.04m  [ok]
ep  3: len=2000  rew=+68049.1  x=+61.18m  [ok]
ep  4: len=2000  rew=+57550.7  x=+54.68m  [ok]
ep  5: len=2000  rew=+70765.6  x=+63.02m  [ok]
ep  6: len=2000  rew=+71808.1  x=+63.39m  [ok]
ep  7: len=2000  rew=+70064.6  x=+62.55m  [ok]
ep  8: len= 669  rew=+25020.3  x=+21.46m  [FELL]
ep  9: len=2000  rew=+73212.2  x=+64.00m  [ok]
ep 10: len=2000  rew=+37400.4  x=+38.96m  [ok]
ep 11: len=2000  rew=+68710.1  x=+61.84m  [ok]
ep 12: len=1497  rew=+39376.1  x=+37.90m  [FELL]
ep 13: len=  48  rew=  +422.1  x=+0.55m  [FELL]
ep 14: len=2000  rew=+74754.5  x=+65.16m  [ok]
ep 15: len=2000  rew=+69375.7  x=+61.95m  [ok]
ep 16: len=2000  rew=+67731.7  x=+60.43m  [ok]
ep 17: len=2000  rew=+70318.4  x=+62.53m  [ok]
ep 18: len= 781  rew=+28706.3  x=+24.86m  [FELL]
ep 19: len=2000  rew=+74014.4  x=+64.68m  [ok]
ep 20: len=2000  rew=+70040.4  x=+62.34m  [ok]
ep 21: len=2000  rew=+69373.9  x=+61.82m  [ok]
ep 22: len=2000  rew=+48544.6  x=+46.44m  [ok]
ep 23: len=2000  rew=+74309.5  x=+64.92m  [ok]
ep 24: len=2000  rew=+59225.6  x=+55.44m  [ok]
ep 25: len=2000  rew=+75185.9  x=+65.15m  [ok]
ep 26: len=2000  rew=+73478.7  x=+64.23m  [ok]
ep 27: len=2000  rew=+62487.5  x=+57.66m  [ok]
ep 28: len=2000  rew=+74288.5  x=+64.77m  [ok]
ep 29: len=2000  rew=+71904.5  x=+63.48m  [ok]

Across 30 episodes (stochastic):
  len   min/mean/max: 48 / 1800 / 2000
  rew   min/mean/max: +422 / +60163 / +75186
  dist  min/mean/max: +0.55 / +53.95 / +65.16 m
  survived full episode: 25/30
