ep  0: len=2000  rew=+32018.2  x=+28.74m  [ok]
ep  1: len=2000  rew=+17804.9  x=+16.39m  [ok]
ep  2: len= 716  rew=+26177.4  x=+22.01m  [FELL]
ep  3: len=2000  rew=+89572.1  x=+71.23m  [ok]
ep  4: len=2000  rew=+19547.4  x=+16.79m  [ok]
ep  5: len=2000  rew=+34038.7  x=+31.68m  [ok]
ep  6: len=2000  rew=+83116.1  x=+67.67m  [ok]
ep  7: len=2000  rew=+55210.1  x=+48.12m  [ok]
ep  8: len=2000  rew=+84143.6  x=+68.44m  [ok]
ep  9: len=1515  rew=+28460.1  x=+26.62m  [FELL]
ep 10: len= 420  rew=+16560.2  x=+13.52m  [FELL]
ep 11: len=2000  rew=+10706.7  x=+8.94m  [ok]
ep 12: len=2000  rew=+40273.3  x=+33.94m  [ok]
ep 13: len=2000  rew=+56464.6  x=+47.41m  [ok]
ep 14: len=2000  rew=+15573.2  x=+12.94m  [ok]
ep 15: len=1935  rew=+81199.4  x=+66.08m  [FELL]
ep 16: len=2000  rew=+87564.8  x=+70.35m  [ok]
ep 17: len=2000  rew=+49664.1  x=+41.93m  [ok]
ep 18: len=1095  rew=+34167.8  x=+29.42m  [FELL]
ep 19: len= 955  rew=+34988.1  x=+29.60m  [FELL]
ep 20: len=2000  rew=+76822.2  x=+63.86m  [ok]
ep 21: len=1318  rew=+55619.9  x=+45.25m  [FELL]
ep 22: len=2000  rew= +7883.2  x=+6.53m  [ok]
ep 23: len=2000  rew=+20660.2  x=+17.20m  [ok]
ep 24: len=2000  rew=+54533.1  x=+48.12m  [ok]
ep 25: len=1301  rew=+31439.4  x=+26.42m  [FELL]
ep 26: len=2000  rew=+17362.6  x=+12.99m  [ok]
ep 27: len=2000  rew=+21452.9  x=+18.23m  [ok]
ep 28: len=2000  rew=+49902.2  x=+45.67m  [ok]
ep 29: len= 897  rew=+19527.7  x=+17.79m  [FELL]

Across 30 episodes (stochastic):
  len   min/mean/max: 420 / 1738 / 2000
  rew   min/mean/max: +7883 / +41748 / +89572
  dist  min/mean/max: +6.53 / +35.13 / +71.23 m
  survived full episode: 21/30
