ep  0: len= 361  rew=+13630.9  x=+11.22m  [FELL]
ep  1: len=2000  rew=+59426.1  x=+49.32m  [ok]
ep  2: len=2000  rew=+83706.5  x=+68.27m  [ok]
ep  3: len=2000  rew=+86862.0  x=+69.94m  [ok]
ep  4: len=2000  rew=+15141.4  x=+14.19m  [ok]
ep  5: len=2000  rew=+44990.5  x=+38.66m  [ok]
ep  6: len=2000  rew=+64427.7  x=+53.65m  [ok]
ep  7: len=2000  rew=+79801.4  x=+65.74m  [ok]
ep  8: len=2000  rew=+22529.3  x=+19.34m  [ok]
ep  9: len=2000  rew=+48767.8  x=+43.70m  [ok]
ep 10: len=2000  rew=+88187.5  x=+70.50m  [ok]
ep 11: len=1650  rew=+36272.2  x=+30.69m  [FELL]
ep 12: len= 311  rew=+11596.4  x=+9.59m  [FELL]
ep 13: len=2000  rew=+33632.2  x=+30.80m  [ok]
ep 14: len=1965  rew=+20490.7  x=+18.68m  [FELL]
ep 15: len=2000  rew=+53673.1  x=+45.31m  [ok]
ep 16: len=1312  rew=+24754.3  x=+23.68m  [FELL]
ep 17: len=2000  rew=+70313.9  x=+59.72m  [ok]
ep 18: len=1041  rew=+20435.1  x=+18.62m  [FELL]
ep 19: len=2000  rew=+33692.9  x=+26.49m  [ok]
ep 20: len= 529  rew=+21777.1  x=+17.65m  [FELL]
ep 21: len=2000  rew=+79790.8  x=+65.62m  [ok]
ep 22: len=2000  rew=+79121.9  x=+65.64m  [ok]
ep 23: len=2000  rew=+14669.7  x=+14.36m  [ok]
ep 24: len=2000  rew=+13636.0  x=+10.47m  [ok]
ep 25: len=2000  rew=+86515.1  x=+69.72m  [ok]
ep 26: len=1802  rew=+54716.3  x=+46.00m  [FELL]
ep 27: len=2000  rew=+29765.9  x=+25.14m  [ok]
ep 28: len=2000  rew=+72345.9  x=+61.26m  [ok]
ep 29: len=1466  rew=+49176.6  x=+43.33m  [FELL]

Across 30 episodes (stochastic):
  len   min/mean/max: 311 / 1748 / 2000
  rew   min/mean/max: +11596 / +47128 / +88187
  dist  min/mean/max: +9.59 / +39.58 / +70.50 m
  survived full episode: 21/30
